  [1m[36m (0.2ms)[0m  [1mselect sqlite_version(*)[0m
  [1m[35m (1.5ms)[0m  CREATE TABLE "schema_migrations" ("version" varchar(255) NOT NULL) 
  [1m[36m (0.0ms)[0m  [1mPRAGMA index_list("schema_migrations")[0m
  [1m[35m (1.5ms)[0m  CREATE UNIQUE INDEX "unique_schema_migrations" ON "schema_migrations" ("version")
  [1m[36m (0.1ms)[0m  [1mSELECT "schema_migrations"."version" FROM "schema_migrations" [0m
Migrating to CreateTasks (20120906031313)
  [1m[35m (0.0ms)[0m  begin transaction
  [1m[36m (0.5ms)[0m  [1mCREATE TABLE "tasks" ("id" INTEGER PRIMARY KEY AUTOINCREMENT NOT NULL, "name" varchar(255), "task_desc" varchar(255), "est_time" time, "act_time" time, "created_at" datetime NOT NULL, "updated_at" datetime NOT NULL) [0m
  [1m[35m (0.1ms)[0m  INSERT INTO "schema_migrations" ("version") VALUES ('20120906031313')
  [1m[36m (1.3ms)[0m  [1mcommit transaction[0m
  [1m[35m (0.4ms)[0m  select sqlite_version(*)
  [1m[36m (0.1ms)[0m  [1mSELECT "schema_migrations"."version" FROM "schema_migrations" [0m
  [1m[35m (0.0ms)[0m  PRAGMA index_list("tasks")


Started GET "/tasks" for 127.0.0.1 at 2012-09-05 20:14:16 -0700
Processing by TasksController#index as HTML
  [1m[36mTask Load (0.2ms)[0m  [1mSELECT "tasks".* FROM "tasks" [0m
  Rendered tasks/index.html.erb within layouts/application (4.9ms)
Compiled scaffolds.css  (29ms)  (pid 60125)
Compiled tasks.css  (2ms)  (pid 60125)
Compiled application.css  (54ms)  (pid 60125)
Compiled jquery.js  (6ms)  (pid 60125)
Compiled jquery_ujs.js  (1ms)  (pid 60125)
Compiled tasks.js  (174ms)  (pid 60125)
Compiled application.js  (234ms)  (pid 60125)
Completed 200 OK in 408ms (Views: 405.9ms | ActiveRecord: 0.2ms)


Started GET "/assets/scaffolds.css?body=1" for 127.0.0.1 at 2012-09-05 20:14:17 -0700
Served asset /scaffolds.css - 304 Not Modified (3ms)


Started GET "/assets/tasks.css?body=1" for 127.0.0.1 at 2012-09-05 20:14:17 -0700
Served asset /tasks.css - 200 OK (2ms)


Started GET "/assets/application.js?body=1" for 127.0.0.1 at 2012-09-05 20:14:17 -0700
Served asset /application.js - 304 Not Modified (8ms)


Started GET "/assets/jquery.js?body=1" for 127.0.0.1 at 2012-09-05 20:14:17 -0700
Served asset /jquery.js - 304 Not Modified (43ms)


Started GET "/assets/application.css?body=1" for 127.0.0.1 at 2012-09-05 20:14:17 -0700
Served asset /application.css - 304 Not Modified (5ms)


Started GET "/assets/tasks.js?body=1" for 127.0.0.1 at 2012-09-05 20:14:17 -0700
Served asset /tasks.js - 200 OK (2ms)


Started GET "/assets/jquery_ujs.js?body=1" for 127.0.0.1 at 2012-09-05 20:14:17 -0700
Served asset /jquery_ujs.js - 304 Not Modified (2ms)


Started GET "/tasks/new" for 127.0.0.1 at 2012-09-05 20:14:21 -0700
Processing by TasksController#new as HTML
  Rendered tasks/_form.html.erb (28.4ms)
  Rendered tasks/new.html.erb within layouts/application (35.8ms)
Completed 200 OK in 54ms (Views: 42.5ms | ActiveRecord: 0.0ms)


Started GET "/assets/application.css?body=1" for 127.0.0.1 at 2012-09-05 20:14:21 -0700
Served asset /application.css - 304 Not Modified (1ms)


Started GET "/assets/scaffolds.css?body=1" for 127.0.0.1 at 2012-09-05 20:14:21 -0700
Served asset /scaffolds.css - 304 Not Modified (0ms)


Started GET "/assets/application.js?body=1" for 127.0.0.1 at 2012-09-05 20:14:21 -0700
Served asset /application.js - 304 Not Modified (0ms)


Started GET "/assets/jquery.js?body=1" for 127.0.0.1 at 2012-09-05 20:14:21 -0700
Served asset /jquery.js - 304 Not Modified (0ms)


Started GET "/assets/jquery_ujs.js?body=1" for 127.0.0.1 at 2012-09-05 20:14:21 -0700
Served asset /jquery_ujs.js - 304 Not Modified (0ms)


Started GET "/tasks" for 127.0.0.1 at 2012-09-05 20:14:29 -0700
Processing by TasksController#index as HTML
  [1m[35mTask Load (0.4ms)[0m  SELECT "tasks".* FROM "tasks" 
  Rendered tasks/index.html.erb within layouts/application (0.4ms)
Completed 200 OK in 43ms (Views: 41.4ms | ActiveRecord: 0.4ms)


Started GET "/assets/tasks.css?body=1" for 127.0.0.1 at 2012-09-05 20:14:29 -0700
Served asset /tasks.css - 304 Not Modified (0ms)


Started GET "/assets/jquery_ujs.js?body=1" for 127.0.0.1 at 2012-09-05 20:14:29 -0700
Served asset /jquery_ujs.js - 304 Not Modified (0ms)


Started GET "/assets/application.css?body=1" for 127.0.0.1 at 2012-09-05 20:14:29 -0700
Served asset /application.css - 304 Not Modified (0ms)


Started GET "/assets/scaffolds.css?body=1" for 127.0.0.1 at 2012-09-05 20:14:29 -0700
Served asset /scaffolds.css - 304 Not Modified (0ms)


Started GET "/assets/jquery.js?body=1" for 127.0.0.1 at 2012-09-05 20:14:29 -0700
Served asset /jquery.js - 304 Not Modified (0ms)


Started GET "/assets/tasks.js?body=1" for 127.0.0.1 at 2012-09-05 20:14:29 -0700
Served asset /tasks.js - 304 Not Modified (0ms)


Started GET "/assets/application.js?body=1" for 127.0.0.1 at 2012-09-05 20:14:29 -0700
Served asset /application.js - 304 Not Modified (0ms)
  [1m[36m (0.1ms)[0m  [1mSELECT "schema_migrations"."version" FROM "schema_migrations" [0m
Migrating to CreateTasks (20120906031313)
Migrating to AddPriorityToTasks (20120906031701)
  [1m[35m (0.0ms)[0m  select sqlite_version(*)
  [1m[36m (0.0ms)[0m  [1mbegin transaction[0m
  [1m[35m (0.6ms)[0m  ALTER TABLE "tasks" ADD "priority" integer
  [1m[36m (0.1ms)[0m  [1mINSERT INTO "schema_migrations" ("version") VALUES ('20120906031701')[0m
  [1m[35m (0.9ms)[0m  commit transaction
  [1m[36m (0.3ms)[0m  [1mselect sqlite_version(*)[0m
  [1m[35m (0.1ms)[0m  SELECT "schema_migrations"."version" FROM "schema_migrations" 
  [1m[36m (0.0ms)[0m  [1mPRAGMA index_list("tasks")[0m


Started GET "/tasks" for 127.0.0.1 at 2012-09-05 20:17:55 -0700
Processing by TasksController#index as HTML
  [1m[36mTask Load (0.3ms)[0m  [1mSELECT "tasks".* FROM "tasks" [0m
  Rendered tasks/index.html.erb within layouts/application (4.1ms)
Completed 200 OK in 35ms (Views: 33.2ms | ActiveRecord: 0.3ms)


Started GET "/assets/tasks.css?body=1" for 127.0.0.1 at 2012-09-05 20:17:56 -0700
Served asset /tasks.css - 304 Not Modified (4ms)


Started GET "/assets/scaffolds.css?body=1" for 127.0.0.1 at 2012-09-05 20:17:56 -0700
Served asset /scaffolds.css - 304 Not Modified (1ms)


Started GET "/assets/tasks.js?body=1" for 127.0.0.1 at 2012-09-05 20:17:56 -0700
Served asset /tasks.js - 304 Not Modified (4ms)


Started GET "/assets/application.css?body=1" for 127.0.0.1 at 2012-09-05 20:17:56 -0700
Served asset /application.css - 304 Not Modified (4ms)


Started GET "/assets/application.js?body=1" for 127.0.0.1 at 2012-09-05 20:17:56 -0700
Served asset /application.js - 304 Not Modified (6ms)


Started GET "/assets/jquery_ujs.js?body=1" for 127.0.0.1 at 2012-09-05 20:17:56 -0700
Served asset /jquery_ujs.js - 304 Not Modified (2ms)


Started GET "/assets/jquery.js?body=1" for 127.0.0.1 at 2012-09-05 20:17:56 -0700
Served asset /jquery.js - 304 Not Modified (26ms)


Started GET "/tasks" for 127.0.0.1 at 2012-09-05 20:18:00 -0700
Processing by TasksController#index as HTML
  [1m[35mTask Load (0.3ms)[0m  SELECT "tasks".* FROM "tasks" 
  Rendered tasks/index.html.erb within layouts/application (0.5ms)
Completed 200 OK in 45ms (Views: 44.0ms | ActiveRecord: 0.3ms)


Started GET "/assets/application.css?body=1" for 127.0.0.1 at 2012-09-05 20:18:00 -0700
Served asset /application.css - 304 Not Modified (0ms)


Started GET "/assets/scaffolds.css?body=1" for 127.0.0.1 at 2012-09-05 20:18:00 -0700
Served asset /scaffolds.css - 304 Not Modified (0ms)


Started GET "/assets/jquery.js?body=1" for 127.0.0.1 at 2012-09-05 20:18:00 -0700
Served asset /jquery.js - 304 Not Modified (0ms)


Started GET "/assets/tasks.css?body=1" for 127.0.0.1 at 2012-09-05 20:18:00 -0700
Served asset /tasks.css - 304 Not Modified (0ms)


Started GET "/assets/application.js?body=1" for 127.0.0.1 at 2012-09-05 20:18:00 -0700
Served asset /application.js - 304 Not Modified (0ms)


Started GET "/assets/jquery_ujs.js?body=1" for 127.0.0.1 at 2012-09-05 20:18:00 -0700
Served asset /jquery_ujs.js - 304 Not Modified (0ms)


Started GET "/assets/tasks.js?body=1" for 127.0.0.1 at 2012-09-05 20:18:00 -0700
Served asset /tasks.js - 304 Not Modified (0ms)


Started GET "/tasks/new" for 127.0.0.1 at 2012-09-05 20:18:01 -0700
Processing by TasksController#new as HTML
  Rendered tasks/_form.html.erb (22.8ms)
  Rendered tasks/new.html.erb within layouts/application (27.6ms)
Completed 200 OK in 45ms (Views: 33.7ms | ActiveRecord: 0.0ms)


Started GET "/assets/application.css?body=1" for 127.0.0.1 at 2012-09-05 20:18:01 -0700
Served asset /application.css - 304 Not Modified (0ms)


Started GET "/assets/tasks.js?body=1" for 127.0.0.1 at 2012-09-05 20:18:01 -0700
Served asset /tasks.js - 304 Not Modified (0ms)


Started GET "/assets/tasks.css?body=1" for 127.0.0.1 at 2012-09-05 20:18:01 -0700
Served asset /tasks.css - 304 Not Modified (0ms)


Started GET "/assets/scaffolds.css?body=1" for 127.0.0.1 at 2012-09-05 20:18:01 -0700
Served asset /scaffolds.css - 304 Not Modified (0ms)


Started GET "/assets/jquery.js?body=1" for 127.0.0.1 at 2012-09-05 20:18:01 -0700
Served asset /jquery.js - 304 Not Modified (0ms)


Started GET "/assets/jquery_ujs.js?body=1" for 127.0.0.1 at 2012-09-05 20:18:01 -0700
Served asset /jquery_ujs.js - 304 Not Modified (0ms)


Started GET "/assets/application.js?body=1" for 127.0.0.1 at 2012-09-05 20:18:01 -0700
Served asset /application.js - 304 Not Modified (0ms)


Started GET "/tasks" for 127.0.0.1 at 2012-09-05 20:18:04 -0700
Processing by TasksController#index as HTML
  [1m[36mTask Load (0.3ms)[0m  [1mSELECT "tasks".* FROM "tasks" [0m
  Rendered tasks/index.html.erb within layouts/application (0.4ms)
Completed 200 OK in 41ms (Views: 39.6ms | ActiveRecord: 0.3ms)


Started GET "/assets/application.css?body=1" for 127.0.0.1 at 2012-09-05 20:18:04 -0700
Served asset /application.css - 304 Not Modified (0ms)


Started GET "/assets/scaffolds.css?body=1" for 127.0.0.1 at 2012-09-05 20:18:04 -0700
Served asset /scaffolds.css - 304 Not Modified (0ms)


Started GET "/assets/tasks.css?body=1" for 127.0.0.1 at 2012-09-05 20:18:04 -0700
Served asset /tasks.css - 304 Not Modified (0ms)


Started GET "/assets/jquery.js?body=1" for 127.0.0.1 at 2012-09-05 20:18:04 -0700
Served asset /jquery.js - 304 Not Modified (0ms)


Started GET "/assets/jquery_ujs.js?body=1" for 127.0.0.1 at 2012-09-05 20:18:04 -0700
Served asset /jquery_ujs.js - 304 Not Modified (0ms)


Started GET "/assets/tasks.js?body=1" for 127.0.0.1 at 2012-09-05 20:18:04 -0700
Served asset /tasks.js - 304 Not Modified (0ms)


Started GET "/assets/application.js?body=1" for 127.0.0.1 at 2012-09-05 20:18:04 -0700
Served asset /application.js - 304 Not Modified (0ms)


Started GET "/tasks" for 127.0.0.1 at 2012-09-05 21:34:16 -0700
Processing by TasksController#index as HTML
  [1m[36mTask Load (0.7ms)[0m  [1mSELECT "tasks".* FROM "tasks" [0m
  Rendered tasks/index.html.erb within layouts/application (4.4ms)
Completed 200 OK in 53ms (Views: 50.1ms | ActiveRecord: 0.7ms)


Started GET "/assets/application.css?body=1" for 127.0.0.1 at 2012-09-05 21:34:17 -0700
Served asset /application.css - 304 Not Modified (4ms)


Started GET "/assets/tasks.css?body=1" for 127.0.0.1 at 2012-09-05 21:34:17 -0700
Served asset /tasks.css - 304 Not Modified (2ms)


Started GET "/assets/scaffolds.css?body=1" for 127.0.0.1 at 2012-09-05 21:34:17 -0700
Served asset /scaffolds.css - 304 Not Modified (7ms)


Started GET "/assets/application.js?body=1" for 127.0.0.1 at 2012-09-05 21:34:17 -0700
Served asset /application.js - 304 Not Modified (6ms)


Started GET "/assets/jquery_ujs.js?body=1" for 127.0.0.1 at 2012-09-05 21:34:17 -0700
Served asset /jquery_ujs.js - 304 Not Modified (2ms)


Started GET "/assets/jquery.js?body=1" for 127.0.0.1 at 2012-09-05 21:34:17 -0700
Served asset /jquery.js - 304 Not Modified (3ms)


Started GET "/assets/tasks.js?body=1" for 127.0.0.1 at 2012-09-05 21:34:17 -0700
Served asset /tasks.js - 304 Not Modified (2ms)


Started GET "/tasks/new" for 127.0.0.1 at 2012-09-05 21:34:23 -0700
Processing by TasksController#new as HTML
  Rendered tasks/_form.html.erb (29.2ms)
  Rendered tasks/new.html.erb within layouts/application (35.3ms)
Completed 200 OK in 55ms (Views: 43.0ms | ActiveRecord: 0.0ms)


Started GET "/assets/application.css?body=1" for 127.0.0.1 at 2012-09-05 21:34:23 -0700
Served asset /application.css - 304 Not Modified (2ms)


Started GET "/assets/scaffolds.css?body=1" for 127.0.0.1 at 2012-09-05 21:34:23 -0700
Served asset /scaffolds.css - 304 Not Modified (0ms)


Started GET "/assets/jquery.js?body=1" for 127.0.0.1 at 2012-09-05 21:34:23 -0700
Served asset /jquery.js - 304 Not Modified (0ms)


Started GET "/assets/jquery_ujs.js?body=1" for 127.0.0.1 at 2012-09-05 21:34:23 -0700
Served asset /jquery_ujs.js - 304 Not Modified (0ms)


Started GET "/assets/tasks.css?body=1" for 127.0.0.1 at 2012-09-05 21:34:23 -0700
Served asset /tasks.css - 304 Not Modified (1ms)


Started GET "/assets/tasks.js?body=1" for 127.0.0.1 at 2012-09-05 21:34:23 -0700
Served asset /tasks.js - 304 Not Modified (0ms)


Started GET "/assets/application.js?body=1" for 127.0.0.1 at 2012-09-05 21:34:23 -0700
Served asset /application.js - 304 Not Modified (0ms)


Started GET "/tasks/new" for 127.0.0.1 at 2012-09-05 21:38:18 -0700
Processing by TasksController#new as HTML
  Rendered tasks/_form.html.erb (450.7ms)
  Rendered tasks/new.html.erb within layouts/application (451.6ms)
Completed 500 Internal Server Error in 454ms

ActionView::Template::Error (undefined method `integer_field' for #<ActionView::Helpers::FormBuilder:0x007f8c627cb1b8>):
    13: 
    14:   <div class="field">
    15:     <%= f.label :priority %><br />
    16:     <%= f.integer_field :priority %>
    17:   </div>
    18:   <div class="field">
    19:     <%= f.label :name %><br />
  app/views/tasks/_form.html.erb:16:in `block in _app_views_tasks__form_html_erb___25018417944738333_70120462262140'
  app/views/tasks/_form.html.erb:1:in `_app_views_tasks__form_html_erb___25018417944738333_70120462262140'
  app/views/tasks/new.html.erb:3:in `_app_views_tasks_new_html_erb___4251668606635118941_70120459030140'
  app/controllers/tasks_controller.rb:29:in `new'


  Rendered /Users/cblair/.rvm/gems/ruby-1.9.3-p125/gems/actionpack-3.2.1/lib/action_dispatch/middleware/templates/rescues/_trace.erb (5.8ms)
  Rendered /Users/cblair/.rvm/gems/ruby-1.9.3-p125/gems/actionpack-3.2.1/lib/action_dispatch/middleware/templates/rescues/_request_and_response.erb (1.3ms)
  Rendered /Users/cblair/.rvm/gems/ruby-1.9.3-p125/gems/actionpack-3.2.1/lib/action_dispatch/middleware/templates/rescues/template_error.erb within rescues/layout (11.3ms)


Started GET "/tasks/new" for 127.0.0.1 at 2012-09-05 21:38:28 -0700
Processing by TasksController#new as HTML
  Rendered tasks/_form.html.erb (470.6ms)
  Rendered tasks/new.html.erb within layouts/application (472.6ms)
Completed 500 Internal Server Error in 477ms

ActionView::Template::Error (undefined method `int_field' for #<ActionView::Helpers::FormBuilder:0x007f8c626c2dc0>):
    13: 
    14:   <div class="field">
    15:     <%= f.label :priority %><br />
    16:     <%= f.int_field :priority %>
    17:   </div>
    18:   <div class="field">
    19:     <%= f.label :name %><br />
  app/views/tasks/_form.html.erb:16:in `block in _app_views_tasks__form_html_erb___25018417944738333_70120461668240'
  app/views/tasks/_form.html.erb:1:in `_app_views_tasks__form_html_erb___25018417944738333_70120461668240'
  app/views/tasks/new.html.erb:3:in `_app_views_tasks_new_html_erb___4251668606635118941_70120459030140'
  app/controllers/tasks_controller.rb:29:in `new'


  Rendered /Users/cblair/.rvm/gems/ruby-1.9.3-p125/gems/actionpack-3.2.1/lib/action_dispatch/middleware/templates/rescues/_trace.erb (6.7ms)
  Rendered /Users/cblair/.rvm/gems/ruby-1.9.3-p125/gems/actionpack-3.2.1/lib/action_dispatch/middleware/templates/rescues/_request_and_response.erb (1.3ms)
  Rendered /Users/cblair/.rvm/gems/ruby-1.9.3-p125/gems/actionpack-3.2.1/lib/action_dispatch/middleware/templates/rescues/template_error.erb within rescues/layout (11.7ms)


Started GET "/assets/rails.png" for 127.0.0.1 at 2012-09-05 21:43:45 -0700
Served asset /rails.png - 304 Not Modified (57ms)


Started GET "/tasks" for 127.0.0.1 at 2012-09-05 21:43:50 -0700
Processing by TasksController#index as HTML
  [1m[35mTask Load (4.1ms)[0m  SELECT "tasks".* FROM "tasks" 
  Rendered tasks/index.html.erb within layouts/application (0.5ms)
Completed 200 OK in 13ms (Views: 7.7ms | ActiveRecord: 4.1ms)


Started GET "/assets/application.css?body=1" for 127.0.0.1 at 2012-09-05 21:43:50 -0700
Served asset /application.css - 304 Not Modified (11ms)


Started GET "/assets/jquery.js?body=1" for 127.0.0.1 at 2012-09-05 21:43:50 -0700
Served asset /jquery.js - 304 Not Modified (0ms)


Started GET "/assets/scaffolds.css?body=1" for 127.0.0.1 at 2012-09-05 21:43:50 -0700
Served asset /scaffolds.css - 304 Not Modified (0ms)


Started GET "/assets/tasks.js?body=1" for 127.0.0.1 at 2012-09-05 21:43:50 -0700
Served asset /tasks.js - 304 Not Modified (0ms)


Started GET "/assets/jquery_ujs.js?body=1" for 127.0.0.1 at 2012-09-05 21:43:51 -0700
Served asset /jquery_ujs.js - 304 Not Modified (0ms)


Started GET "/assets/tasks.css?body=1" for 127.0.0.1 at 2012-09-05 21:43:51 -0700
Served asset /tasks.css - 304 Not Modified (0ms)


Started GET "/assets/application.js?body=1" for 127.0.0.1 at 2012-09-05 21:43:51 -0700
Served asset /application.js - 304 Not Modified (1ms)


Started GET "/tasks/new" for 127.0.0.1 at 2012-09-05 21:43:52 -0700
Processing by TasksController#new as HTML
  Rendered tasks/_form.html.erb (372.2ms)
  Rendered tasks/new.html.erb within layouts/application (373.3ms)
Completed 500 Internal Server Error in 376ms

ActionView::Template::Error (undefined method `select_' for #<ActionView::Helpers::FormBuilder:0x007f8c627235f8>):
    13: 
    14:   <div class="field">
    15:     <%= f.label :priority %><br />
    16:     <%= f.select_("priority", 1..5) %>
    17:   </div>
    18:   <div class="field">
    19:     <%= f.label :name %><br />
  app/views/tasks/_form.html.erb:16:in `block in _app_views_tasks__form_html_erb___25018417944738333_70120461889500'
  app/views/tasks/_form.html.erb:1:in `_app_views_tasks__form_html_erb___25018417944738333_70120461889500'
  app/views/tasks/new.html.erb:3:in `_app_views_tasks_new_html_erb___4251668606635118941_70120459030140'
  app/controllers/tasks_controller.rb:29:in `new'


  Rendered /Users/cblair/.rvm/gems/ruby-1.9.3-p125/gems/actionpack-3.2.1/lib/action_dispatch/middleware/templates/rescues/_trace.erb (37.4ms)
  Rendered /Users/cblair/.rvm/gems/ruby-1.9.3-p125/gems/actionpack-3.2.1/lib/action_dispatch/middleware/templates/rescues/_request_and_response.erb (1.5ms)
  Rendered /Users/cblair/.rvm/gems/ruby-1.9.3-p125/gems/actionpack-3.2.1/lib/action_dispatch/middleware/templates/rescues/template_error.erb within rescues/layout (42.5ms)


Started GET "/tasks/new" for 127.0.0.1 at 2012-09-05 21:44:15 -0700
Processing by TasksController#new as HTML
  Rendered tasks/_form.html.erb (19.3ms)
  Rendered tasks/new.html.erb within layouts/application (20.5ms)
Completed 200 OK in 33ms (Views: 30.3ms | ActiveRecord: 0.0ms)


Started GET "/assets/application.css?body=1" for 127.0.0.1 at 2012-09-05 21:44:15 -0700
Served asset /application.css - 304 Not Modified (6ms)


Started GET "/assets/scaffolds.css?body=1" for 127.0.0.1 at 2012-09-05 21:44:15 -0700
Served asset /scaffolds.css - 304 Not Modified (0ms)


Started GET "/assets/tasks.css?body=1" for 127.0.0.1 at 2012-09-05 21:44:15 -0700
Served asset /tasks.css - 304 Not Modified (0ms)


Started GET "/assets/jquery.js?body=1" for 127.0.0.1 at 2012-09-05 21:44:15 -0700
Served asset /jquery.js - 304 Not Modified (0ms)


Started GET "/assets/jquery_ujs.js?body=1" for 127.0.0.1 at 2012-09-05 21:44:15 -0700
Served asset /jquery_ujs.js - 304 Not Modified (0ms)


Started GET "/assets/tasks.js?body=1" for 127.0.0.1 at 2012-09-05 21:44:15 -0700
Served asset /tasks.js - 304 Not Modified (0ms)


Started GET "/assets/application.js?body=1" for 127.0.0.1 at 2012-09-05 21:44:15 -0700
Served asset /application.js - 304 Not Modified (0ms)


Started POST "/tasks" for 127.0.0.1 at 2012-09-05 21:45:41 -0700
Processing by TasksController#create as HTML
  Parameters: {"utf8"=>"✓", "authenticity_token"=>"0cf0pOoZi87dX4xiK6ZrsX1H6+Rmz+r7ocGrN8g50lk=", "task"=>{"priority"=>"1", "name"=>"test", "task_desc"=>"test", "est_time(1i)"=>"2012", "est_time(2i)"=>"9", "est_time(3i)"=>"6", "est_time(4i)"=>"01", "est_time(5i)"=>"00", "act_time(1i)"=>"2012", "act_time(2i)"=>"9", "act_time(3i)"=>"6", "act_time(4i)"=>"00", "act_time(5i)"=>"01"}, "commit"=>"Create Task"}
  [1m[36m (0.1ms)[0m  [1mbegin transaction[0m
  [1m[35mSQL (29.6ms)[0m  INSERT INTO "tasks" ("act_time", "created_at", "est_time", "name", "priority", "task_desc", "updated_at") VALUES (?, ?, ?, ?, ?, ?, ?)  [["act_time", 2012-09-06 00:01:00 UTC], ["created_at", Thu, 06 Sep 2012 04:45:41 UTC +00:00], ["est_time", 2012-09-06 01:00:00 UTC], ["name", "test"], ["priority", 1], ["task_desc", "test"], ["updated_at", Thu, 06 Sep 2012 04:45:41 UTC +00:00]]
  [1m[36m (1.3ms)[0m  [1mcommit transaction[0m
Redirected to http://localhost:3000/tasks/1
Completed 302 Found in 38ms (ActiveRecord: 30.9ms)


Started GET "/tasks/1" for 127.0.0.1 at 2012-09-05 21:45:41 -0700
Processing by TasksController#show as HTML
  Parameters: {"id"=>"1"}
  [1m[35mTask Load (0.3ms)[0m  SELECT "tasks".* FROM "tasks" WHERE "tasks"."id" = ? LIMIT 1  [["id", "1"]]
  Rendered tasks/show.html.erb within layouts/application (2.1ms)
Completed 200 OK in 51ms (Views: 48.2ms | ActiveRecord: 0.3ms)


Started GET "/assets/application.css?body=1" for 127.0.0.1 at 2012-09-05 21:45:42 -0700
Served asset /application.css - 304 Not Modified (1ms)


Started GET "/assets/jquery.js?body=1" for 127.0.0.1 at 2012-09-05 21:45:42 -0700
Served asset /jquery.js - 304 Not Modified (0ms)


Started GET "/assets/jquery_ujs.js?body=1" for 127.0.0.1 at 2012-09-05 21:45:42 -0700
Served asset /jquery_ujs.js - 304 Not Modified (0ms)


Started GET "/assets/scaffolds.css?body=1" for 127.0.0.1 at 2012-09-05 21:45:42 -0700
Served asset /scaffolds.css - 304 Not Modified (6ms)


Started GET "/assets/tasks.css?body=1" for 127.0.0.1 at 2012-09-05 21:45:42 -0700
Served asset /tasks.css - 304 Not Modified (0ms)


Started GET "/assets/tasks.js?body=1" for 127.0.0.1 at 2012-09-05 21:45:42 -0700
Served asset /tasks.js - 304 Not Modified (0ms)


Started GET "/assets/application.js?body=1" for 127.0.0.1 at 2012-09-05 21:45:42 -0700
Served asset /application.js - 304 Not Modified (0ms)


Started GET "/tasks" for 127.0.0.1 at 2012-09-05 21:45:46 -0700
Processing by TasksController#index as HTML
  [1m[36mTask Load (0.2ms)[0m  [1mSELECT "tasks".* FROM "tasks" [0m
  Rendered tasks/index.html.erb within layouts/application (2.2ms)
Completed 200 OK in 11ms (Views: 9.9ms | ActiveRecord: 0.2ms)


Started GET "/assets/application.css?body=1" for 127.0.0.1 at 2012-09-05 21:45:46 -0700
Served asset /application.css - 304 Not Modified (1ms)


Started GET "/assets/jquery.js?body=1" for 127.0.0.1 at 2012-09-05 21:45:46 -0700
Served asset /jquery.js - 304 Not Modified (0ms)


Started GET "/assets/scaffolds.css?body=1" for 127.0.0.1 at 2012-09-05 21:45:46 -0700
Served asset /scaffolds.css - 304 Not Modified (0ms)


Started GET "/assets/tasks.css?body=1" for 127.0.0.1 at 2012-09-05 21:45:46 -0700
Served asset /tasks.css - 304 Not Modified (0ms)


Started GET "/assets/tasks.js?body=1" for 127.0.0.1 at 2012-09-05 21:45:46 -0700
Served asset /tasks.js - 304 Not Modified (1ms)


Started GET "/assets/jquery_ujs.js?body=1" for 127.0.0.1 at 2012-09-05 21:45:46 -0700
Served asset /jquery_ujs.js - 304 Not Modified (0ms)


Started GET "/assets/application.js?body=1" for 127.0.0.1 at 2012-09-05 21:45:46 -0700
Served asset /application.js - 304 Not Modified (0ms)


Started GET "/tasks/new" for 127.0.0.1 at 2012-09-07 15:40:50 -0700
Processing by TasksController#new as HTML
  Rendered tasks/_form.html.erb (140.2ms)
  Rendered tasks/new.html.erb within layouts/application (153.6ms)
Completed 200 OK in 247ms (Views: 218.5ms | ActiveRecord: 0.0ms)


Started GET "/assets/scaffolds.css?body=1" for 127.0.0.1 at 2012-09-07 15:40:50 -0700
Served asset /scaffolds.css - 304 Not Modified (14ms)


Started GET "/assets/tasks.css?body=1" for 127.0.0.1 at 2012-09-07 15:40:50 -0700
Served asset /tasks.css - 304 Not Modified (0ms)


Started GET "/assets/jquery_ujs.js?body=1" for 127.0.0.1 at 2012-09-07 15:40:50 -0700
Served asset /jquery_ujs.js - 304 Not Modified (0ms)


Started GET "/assets/application.css?body=1" for 127.0.0.1 at 2012-09-07 15:40:50 -0700
Served asset /application.css - 304 Not Modified (6ms)


Started GET "/assets/tasks.js?body=1" for 127.0.0.1 at 2012-09-07 15:40:50 -0700
Served asset /tasks.js - 304 Not Modified (0ms)


Started GET "/assets/jquery.js?body=1" for 127.0.0.1 at 2012-09-07 15:40:50 -0700
Served asset /jquery.js - 304 Not Modified (1ms)


Started GET "/assets/application.js?body=1" for 127.0.0.1 at 2012-09-07 15:40:50 -0700
Served asset /application.js - 304 Not Modified (13ms)


Started GET "/tasks/new" for 127.0.0.1 at 2012-09-07 15:41:30 -0700
Processing by TasksController#new as HTML
  Rendered tasks/_form.html.erb (286.7ms)
  Rendered tasks/new.html.erb within layouts/application (288.0ms)
Completed 200 OK in 304ms (Views: 303.3ms | ActiveRecord: 0.0ms)


Started GET "/assets/scaffolds.css?body=1" for 127.0.0.1 at 2012-09-07 15:41:30 -0700
Served asset /scaffolds.css - 304 Not Modified (0ms)


Started GET "/assets/jquery.js?body=1" for 127.0.0.1 at 2012-09-07 15:41:30 -0700
Served asset /jquery.js - 304 Not Modified (0ms)


Started GET "/assets/tasks.js?body=1" for 127.0.0.1 at 2012-09-07 15:41:30 -0700
Served asset /tasks.js - 304 Not Modified (0ms)


Started GET "/assets/jquery_ujs.js?body=1" for 127.0.0.1 at 2012-09-07 15:41:30 -0700
Served asset /jquery_ujs.js - 304 Not Modified (0ms)


Started GET "/assets/tasks.css?body=1" for 127.0.0.1 at 2012-09-07 15:41:30 -0700
Served asset /tasks.css - 304 Not Modified (0ms)


Started GET "/assets/application.css?body=1" for 127.0.0.1 at 2012-09-07 15:41:30 -0700
Served asset /application.css - 304 Not Modified (0ms)


Started GET "/assets/application.js?body=1" for 127.0.0.1 at 2012-09-07 15:41:30 -0700
Served asset /application.js - 304 Not Modified (1ms)


Started GET "/tasks" for 127.0.0.1 at 2012-09-07 15:42:05 -0700
Processing by TasksController#index as HTML
  [1m[35mTask Load (5.3ms)[0m  SELECT "tasks".* FROM "tasks" 
  Rendered tasks/index.html.erb within layouts/application (6.0ms)
Completed 200 OK in 24ms (Views: 13.6ms | ActiveRecord: 5.3ms)


Started GET "/assets/application.css?body=1" for 127.0.0.1 at 2012-09-07 15:42:05 -0700
Served asset /application.css - 304 Not Modified (2ms)


Started GET "/assets/jquery_ujs.js?body=1" for 127.0.0.1 at 2012-09-07 15:42:05 -0700
Served asset /jquery_ujs.js - 304 Not Modified (0ms)


Started GET "/assets/tasks.css?body=1" for 127.0.0.1 at 2012-09-07 15:42:05 -0700
Served asset /tasks.css - 304 Not Modified (4ms)


Started GET "/assets/scaffolds.css?body=1" for 127.0.0.1 at 2012-09-07 15:42:05 -0700
Served asset /scaffolds.css - 304 Not Modified (0ms)


Started GET "/assets/tasks.js?body=1" for 127.0.0.1 at 2012-09-07 15:42:05 -0700
Served asset /tasks.js - 304 Not Modified (2ms)


Started GET "/assets/jquery.js?body=1" for 127.0.0.1 at 2012-09-07 15:42:05 -0700
Served asset /jquery.js - 304 Not Modified (0ms)


Started GET "/assets/application.js?body=1" for 127.0.0.1 at 2012-09-07 15:42:05 -0700
Served asset /application.js - 304 Not Modified (19ms)
  [1m[36m (0.6ms)[0m  [1mSELECT "schema_migrations"."version" FROM "schema_migrations" [0m
Migrating to CreateTasks (20120906031313)
Migrating to AddPriorityToTasks (20120906031701)
Migrating to DeviseCreateUsers (20120907232338)
  [1m[35m (0.6ms)[0m  select sqlite_version(*)
  [1m[36m (0.1ms)[0m  [1mbegin transaction[0m
  [1m[35m (0.6ms)[0m  CREATE TABLE "users" ("id" INTEGER PRIMARY KEY AUTOINCREMENT NOT NULL, "email" varchar(255) DEFAULT '' NOT NULL, "encrypted_password" varchar(255) DEFAULT '' NOT NULL, "reset_password_token" varchar(255), "reset_password_sent_at" datetime, "remember_created_at" datetime, "sign_in_count" integer DEFAULT 0, "current_sign_in_at" datetime, "last_sign_in_at" datetime, "current_sign_in_ip" varchar(255), "last_sign_in_ip" varchar(255), "created_at" datetime NOT NULL, "updated_at" datetime NOT NULL) 
  [1m[36m (0.0ms)[0m  [1mPRAGMA index_list("users")[0m
  [1m[35m (0.4ms)[0m  CREATE UNIQUE INDEX "index_users_on_email" ON "users" ("email")
  [1m[36m (0.0ms)[0m  [1mPRAGMA index_list("users")[0m
  [1m[35m (0.0ms)[0m  PRAGMA index_info('index_users_on_email')
  [1m[36m (0.2ms)[0m  [1mCREATE UNIQUE INDEX "index_users_on_reset_password_token" ON "users" ("reset_password_token")[0m
  [1m[35m (0.4ms)[0m  INSERT INTO "schema_migrations" ("version") VALUES ('20120907232338')
  [1m[36m (0.9ms)[0m  [1mcommit transaction[0m
  [1m[35m (0.4ms)[0m  select sqlite_version(*)
  [1m[36m (0.1ms)[0m  [1mSELECT "schema_migrations"."version" FROM "schema_migrations" [0m
  [1m[35m (0.0ms)[0m  PRAGMA index_list("tasks")
  [1m[36m (0.1ms)[0m  [1mPRAGMA index_list("users")[0m
  [1m[35m (0.0ms)[0m  PRAGMA index_info('index_users_on_reset_password_token')
  [1m[36m (0.0ms)[0m  [1mPRAGMA index_info('index_users_on_email')[0m


Started GET "/home" for 127.0.0.1 at 2012-09-07 16:28:01 -0700

ActionController::RoutingError (No route matches [GET] "/home"):
  actionpack (3.2.1) lib/action_dispatch/middleware/debug_exceptions.rb:21:in `call'
  actionpack (3.2.1) lib/action_dispatch/middleware/show_exceptions.rb:56:in `call'
  railties (3.2.1) lib/rails/rack/logger.rb:26:in `call_app'
  railties (3.2.1) lib/rails/rack/logger.rb:16:in `call'
  actionpack (3.2.1) lib/action_dispatch/middleware/request_id.rb:22:in `call'
  rack (1.4.1) lib/rack/methodoverride.rb:21:in `call'
  rack (1.4.1) lib/rack/runtime.rb:17:in `call'
  activesupport (3.2.1) lib/active_support/cache/strategy/local_cache.rb:72:in `call'
  rack (1.4.1) lib/rack/lock.rb:15:in `call'
  actionpack (3.2.1) lib/action_dispatch/middleware/static.rb:53:in `call'
  railties (3.2.1) lib/rails/engine.rb:479:in `call'
  railties (3.2.1) lib/rails/application.rb:220:in `call'
  rack (1.4.1) lib/rack/content_length.rb:14:in `call'
  railties (3.2.1) lib/rails/rack/log_tailer.rb:14:in `call'
  rack (1.4.1) lib/rack/handler/webrick.rb:59:in `service'
  /Users/cblair/.rvm/rubies/ruby-1.9.3-p125/lib/ruby/1.9.1/webrick/httpserver.rb:138:in `service'
  /Users/cblair/.rvm/rubies/ruby-1.9.3-p125/lib/ruby/1.9.1/webrick/httpserver.rb:94:in `run'
  /Users/cblair/.rvm/rubies/ruby-1.9.3-p125/lib/ruby/1.9.1/webrick/server.rb:191:in `block in start_thread'


  Rendered /Users/cblair/.rvm/gems/ruby-1.9.3-p125/gems/actionpack-3.2.1/lib/action_dispatch/middleware/templates/rescues/routing_error.erb within rescues/layout (3.5ms)


Started GET "/assets/rails.png" for 127.0.0.1 at 2012-09-07 16:28:17 -0700
Served asset /rails.png - 304 Not Modified (5ms)


Started GET "/users" for 127.0.0.1 at 2012-09-07 16:28:18 -0700

ActionController::RoutingError (No route matches [GET] "/users"):
  actionpack (3.2.1) lib/action_dispatch/middleware/debug_exceptions.rb:21:in `call'
  actionpack (3.2.1) lib/action_dispatch/middleware/show_exceptions.rb:56:in `call'
  railties (3.2.1) lib/rails/rack/logger.rb:26:in `call_app'
  railties (3.2.1) lib/rails/rack/logger.rb:16:in `call'
  actionpack (3.2.1) lib/action_dispatch/middleware/request_id.rb:22:in `call'
  rack (1.4.1) lib/rack/methodoverride.rb:21:in `call'
  rack (1.4.1) lib/rack/runtime.rb:17:in `call'
  activesupport (3.2.1) lib/active_support/cache/strategy/local_cache.rb:72:in `call'
  rack (1.4.1) lib/rack/lock.rb:15:in `call'
  actionpack (3.2.1) lib/action_dispatch/middleware/static.rb:53:in `call'
  railties (3.2.1) lib/rails/engine.rb:479:in `call'
  railties (3.2.1) lib/rails/application.rb:220:in `call'
  rack (1.4.1) lib/rack/content_length.rb:14:in `call'
  railties (3.2.1) lib/rails/rack/log_tailer.rb:14:in `call'
  rack (1.4.1) lib/rack/handler/webrick.rb:59:in `service'
  /Users/cblair/.rvm/rubies/ruby-1.9.3-p125/lib/ruby/1.9.1/webrick/httpserver.rb:138:in `service'
  /Users/cblair/.rvm/rubies/ruby-1.9.3-p125/lib/ruby/1.9.1/webrick/httpserver.rb:94:in `run'
  /Users/cblair/.rvm/rubies/ruby-1.9.3-p125/lib/ruby/1.9.1/webrick/server.rb:191:in `block in start_thread'


  Rendered /Users/cblair/.rvm/gems/ruby-1.9.3-p125/gems/actionpack-3.2.1/lib/action_dispatch/middleware/templates/rescues/routing_error.erb within rescues/layout (0.8ms)


Started GET "/users/signin" for 127.0.0.1 at 2012-09-07 16:29:31 -0700

ActionController::RoutingError (No route matches [GET] "/users/signin"):
  actionpack (3.2.1) lib/action_dispatch/middleware/debug_exceptions.rb:21:in `call'
  actionpack (3.2.1) lib/action_dispatch/middleware/show_exceptions.rb:56:in `call'
  railties (3.2.1) lib/rails/rack/logger.rb:26:in `call_app'
  railties (3.2.1) lib/rails/rack/logger.rb:16:in `call'
  actionpack (3.2.1) lib/action_dispatch/middleware/request_id.rb:22:in `call'
  rack (1.4.1) lib/rack/methodoverride.rb:21:in `call'
  rack (1.4.1) lib/rack/runtime.rb:17:in `call'
  activesupport (3.2.1) lib/active_support/cache/strategy/local_cache.rb:72:in `call'
  rack (1.4.1) lib/rack/lock.rb:15:in `call'
  actionpack (3.2.1) lib/action_dispatch/middleware/static.rb:53:in `call'
  railties (3.2.1) lib/rails/engine.rb:479:in `call'
  railties (3.2.1) lib/rails/application.rb:220:in `call'
  rack (1.4.1) lib/rack/content_length.rb:14:in `call'
  railties (3.2.1) lib/rails/rack/log_tailer.rb:14:in `call'
  rack (1.4.1) lib/rack/handler/webrick.rb:59:in `service'
  /Users/cblair/.rvm/rubies/ruby-1.9.3-p125/lib/ruby/1.9.1/webrick/httpserver.rb:138:in `service'
  /Users/cblair/.rvm/rubies/ruby-1.9.3-p125/lib/ruby/1.9.1/webrick/httpserver.rb:94:in `run'
  /Users/cblair/.rvm/rubies/ruby-1.9.3-p125/lib/ruby/1.9.1/webrick/server.rb:191:in `block in start_thread'


  Rendered /Users/cblair/.rvm/gems/ruby-1.9.3-p125/gems/actionpack-3.2.1/lib/action_dispatch/middleware/templates/rescues/routing_error.erb within rescues/layout (0.8ms)


Started GET "/users/sign_in" for 127.0.0.1 at 2012-09-07 16:29:48 -0700
Processing by Devise::SessionsController#new as HTML
  Rendered /Users/cblair/.rvm/gems/ruby-1.9.3-p125/gems/devise-2.0.4/app/views/devise/_links.erb (2.4ms)
  Rendered /Users/cblair/.rvm/gems/ruby-1.9.3-p125/gems/devise-2.0.4/app/views/devise/sessions/new.html.erb within layouts/application (46.4ms)
Completed 200 OK in 129ms (Views: 81.3ms | ActiveRecord: 2.7ms)


Started GET "/assets/scaffolds.css?body=1" for 127.0.0.1 at 2012-09-07 16:29:48 -0700
Served asset /scaffolds.css - 304 Not Modified (5ms)


Started GET "/assets/tasks.css?body=1" for 127.0.0.1 at 2012-09-07 16:29:48 -0700
Served asset /tasks.css - 304 Not Modified (2ms)


Started GET "/assets/tasks.js?body=1" for 127.0.0.1 at 2012-09-07 16:29:48 -0700
Served asset /tasks.js - 304 Not Modified (6ms)


Started GET "/assets/jquery.js?body=1" for 127.0.0.1 at 2012-09-07 16:29:48 -0700
Served asset /jquery.js - 304 Not Modified (4ms)


Started GET "/assets/application.js?body=1" for 127.0.0.1 at 2012-09-07 16:29:48 -0700
Served asset /application.js - 304 Not Modified (8ms)


Started GET "/assets/application.css?body=1" for 127.0.0.1 at 2012-09-07 16:29:48 -0700
Served asset /application.css - 304 Not Modified (4ms)


Started GET "/assets/jquery_ujs.js?body=1" for 127.0.0.1 at 2012-09-07 16:29:48 -0700
Served asset /jquery_ujs.js - 304 Not Modified (3ms)


Started GET "/assets/rails.png" for 127.0.0.1 at 2012-09-07 16:30:23 -0700
Served asset /rails.png - 304 Not Modified (0ms)


Started GET "/" for 127.0.0.1 at 2012-09-07 16:30:50 -0700

ActionController::RoutingError (uninitialized constant HomeController):
  activesupport (3.2.1) lib/active_support/inflector/methods.rb:229:in `block in constantize'
  activesupport (3.2.1) lib/active_support/inflector/methods.rb:228:in `each'
  activesupport (3.2.1) lib/active_support/inflector/methods.rb:228:in `constantize'
  actionpack (3.2.1) lib/action_dispatch/routing/route_set.rb:62:in `controller_reference'
  actionpack (3.2.1) lib/action_dispatch/routing/route_set.rb:47:in `controller'
  actionpack (3.2.1) lib/action_dispatch/routing/route_set.rb:26:in `call'
  journey (1.0.4) lib/journey/router.rb:68:in `block in call'
  journey (1.0.4) lib/journey/router.rb:56:in `each'
  journey (1.0.4) lib/journey/router.rb:56:in `call'
  actionpack (3.2.1) lib/action_dispatch/routing/route_set.rb:589:in `call'
  warden (1.1.1) lib/warden/manager.rb:35:in `block in call'
  warden (1.1.1) lib/warden/manager.rb:34:in `catch'
  warden (1.1.1) lib/warden/manager.rb:34:in `call'
  actionpack (3.2.1) lib/action_dispatch/middleware/best_standards_support.rb:17:in `call'
  rack (1.4.1) lib/rack/etag.rb:23:in `call'
  rack (1.4.1) lib/rack/conditionalget.rb:25:in `call'
  actionpack (3.2.1) lib/action_dispatch/middleware/head.rb:14:in `call'
  actionpack (3.2.1) lib/action_dispatch/middleware/params_parser.rb:21:in `call'
  actionpack (3.2.1) lib/action_dispatch/middleware/flash.rb:242:in `call'
  rack (1.4.1) lib/rack/session/abstract/id.rb:205:in `context'
  rack (1.4.1) lib/rack/session/abstract/id.rb:200:in `call'
  actionpack (3.2.1) lib/action_dispatch/middleware/cookies.rb:338:in `call'
  activerecord (3.2.1) lib/active_record/query_cache.rb:64:in `call'
  activerecord (3.2.1) lib/active_record/connection_adapters/abstract/connection_pool.rb:443:in `call'
  actionpack (3.2.1) lib/action_dispatch/middleware/callbacks.rb:28:in `block in call'
  activesupport (3.2.1) lib/active_support/callbacks.rb:405:in `_run__3839671264546007760__call__3964404152417984480__callbacks'
  activesupport (3.2.1) lib/active_support/callbacks.rb:405:in `__run_callback'
  activesupport (3.2.1) lib/active_support/callbacks.rb:385:in `_run_call_callbacks'
  activesupport (3.2.1) lib/active_support/callbacks.rb:81:in `run_callbacks'
  actionpack (3.2.1) lib/action_dispatch/middleware/callbacks.rb:27:in `call'
  actionpack (3.2.1) lib/action_dispatch/middleware/reloader.rb:65:in `call'
  actionpack (3.2.1) lib/action_dispatch/middleware/remote_ip.rb:31:in `call'
  actionpack (3.2.1) lib/action_dispatch/middleware/debug_exceptions.rb:16:in `call'
  actionpack (3.2.1) lib/action_dispatch/middleware/show_exceptions.rb:56:in `call'
  railties (3.2.1) lib/rails/rack/logger.rb:26:in `call_app'
  railties (3.2.1) lib/rails/rack/logger.rb:16:in `call'
  actionpack (3.2.1) lib/action_dispatch/middleware/request_id.rb:22:in `call'
  rack (1.4.1) lib/rack/methodoverride.rb:21:in `call'
  rack (1.4.1) lib/rack/runtime.rb:17:in `call'
  activesupport (3.2.1) lib/active_support/cache/strategy/local_cache.rb:72:in `call'
  rack (1.4.1) lib/rack/lock.rb:15:in `call'
  actionpack (3.2.1) lib/action_dispatch/middleware/static.rb:53:in `call'
  railties (3.2.1) lib/rails/engine.rb:479:in `call'
  railties (3.2.1) lib/rails/application.rb:220:in `call'
  rack (1.4.1) lib/rack/content_length.rb:14:in `call'
  railties (3.2.1) lib/rails/rack/log_tailer.rb:14:in `call'
  rack (1.4.1) lib/rack/handler/webrick.rb:59:in `service'
  /Users/cblair/.rvm/rubies/ruby-1.9.3-p125/lib/ruby/1.9.1/webrick/httpserver.rb:138:in `service'
  /Users/cblair/.rvm/rubies/ruby-1.9.3-p125/lib/ruby/1.9.1/webrick/httpserver.rb:94:in `run'
  /Users/cblair/.rvm/rubies/ruby-1.9.3-p125/lib/ruby/1.9.1/webrick/server.rb:191:in `block in start_thread'


  Rendered /Users/cblair/.rvm/gems/ruby-1.9.3-p125/gems/actionpack-3.2.1/lib/action_dispatch/middleware/templates/rescues/routing_error.erb within rescues/layout (39.7ms)


Started GET "/" for 127.0.0.1 at 2012-09-07 16:48:02 -0700

ActionController::RoutingError (uninitialized constant UsersController):
  activesupport (3.2.1) lib/active_support/inflector/methods.rb:229:in `block in constantize'
  activesupport (3.2.1) lib/active_support/inflector/methods.rb:228:in `each'
  activesupport (3.2.1) lib/active_support/inflector/methods.rb:228:in `constantize'
  actionpack (3.2.1) lib/action_dispatch/routing/route_set.rb:62:in `controller_reference'
  actionpack (3.2.1) lib/action_dispatch/routing/route_set.rb:47:in `controller'
  actionpack (3.2.1) lib/action_dispatch/routing/route_set.rb:26:in `call'
  journey (1.0.4) lib/journey/router.rb:68:in `block in call'
  journey (1.0.4) lib/journey/router.rb:56:in `each'
  journey (1.0.4) lib/journey/router.rb:56:in `call'
  actionpack (3.2.1) lib/action_dispatch/routing/route_set.rb:589:in `call'
  warden (1.1.1) lib/warden/manager.rb:35:in `block in call'
  warden (1.1.1) lib/warden/manager.rb:34:in `catch'
  warden (1.1.1) lib/warden/manager.rb:34:in `call'
  actionpack (3.2.1) lib/action_dispatch/middleware/best_standards_support.rb:17:in `call'
  rack (1.4.1) lib/rack/etag.rb:23:in `call'
  rack (1.4.1) lib/rack/conditionalget.rb:25:in `call'
  actionpack (3.2.1) lib/action_dispatch/middleware/head.rb:14:in `call'
  actionpack (3.2.1) lib/action_dispatch/middleware/params_parser.rb:21:in `call'
  actionpack (3.2.1) lib/action_dispatch/middleware/flash.rb:242:in `call'
  rack (1.4.1) lib/rack/session/abstract/id.rb:205:in `context'
  rack (1.4.1) lib/rack/session/abstract/id.rb:200:in `call'
  actionpack (3.2.1) lib/action_dispatch/middleware/cookies.rb:338:in `call'
  activerecord (3.2.1) lib/active_record/query_cache.rb:64:in `call'
  activerecord (3.2.1) lib/active_record/connection_adapters/abstract/connection_pool.rb:443:in `call'
  actionpack (3.2.1) lib/action_dispatch/middleware/callbacks.rb:28:in `block in call'
  activesupport (3.2.1) lib/active_support/callbacks.rb:405:in `_run__460228314133637255__call__3590824126842577011__callbacks'
  activesupport (3.2.1) lib/active_support/callbacks.rb:405:in `__run_callback'
  activesupport (3.2.1) lib/active_support/callbacks.rb:385:in `_run_call_callbacks'
  activesupport (3.2.1) lib/active_support/callbacks.rb:81:in `run_callbacks'
  actionpack (3.2.1) lib/action_dispatch/middleware/callbacks.rb:27:in `call'
  actionpack (3.2.1) lib/action_dispatch/middleware/reloader.rb:65:in `call'
  actionpack (3.2.1) lib/action_dispatch/middleware/remote_ip.rb:31:in `call'
  actionpack (3.2.1) lib/action_dispatch/middleware/debug_exceptions.rb:16:in `call'
  actionpack (3.2.1) lib/action_dispatch/middleware/show_exceptions.rb:56:in `call'
  railties (3.2.1) lib/rails/rack/logger.rb:26:in `call_app'
  railties (3.2.1) lib/rails/rack/logger.rb:16:in `call'
  actionpack (3.2.1) lib/action_dispatch/middleware/request_id.rb:22:in `call'
  rack (1.4.1) lib/rack/methodoverride.rb:21:in `call'
  rack (1.4.1) lib/rack/runtime.rb:17:in `call'
  activesupport (3.2.1) lib/active_support/cache/strategy/local_cache.rb:72:in `call'
  rack (1.4.1) lib/rack/lock.rb:15:in `call'
  actionpack (3.2.1) lib/action_dispatch/middleware/static.rb:53:in `call'
  railties (3.2.1) lib/rails/engine.rb:479:in `call'
  railties (3.2.1) lib/rails/application.rb:220:in `call'
  rack (1.4.1) lib/rack/content_length.rb:14:in `call'
  railties (3.2.1) lib/rails/rack/log_tailer.rb:14:in `call'
  rack (1.4.1) lib/rack/handler/webrick.rb:59:in `service'
  /Users/cblair/.rvm/rubies/ruby-1.9.3-p125/lib/ruby/1.9.1/webrick/httpserver.rb:138:in `service'
  /Users/cblair/.rvm/rubies/ruby-1.9.3-p125/lib/ruby/1.9.1/webrick/httpserver.rb:94:in `run'
  /Users/cblair/.rvm/rubies/ruby-1.9.3-p125/lib/ruby/1.9.1/webrick/server.rb:191:in `block in start_thread'


  Rendered /Users/cblair/.rvm/gems/ruby-1.9.3-p125/gems/actionpack-3.2.1/lib/action_dispatch/middleware/templates/rescues/routing_error.erb within rescues/layout (3.1ms)


Started GET "/" for 127.0.0.1 at 2012-09-07 16:48:06 -0700

ActionController::RoutingError (uninitialized constant UsersController):
  activesupport (3.2.1) lib/active_support/inflector/methods.rb:229:in `block in constantize'
  activesupport (3.2.1) lib/active_support/inflector/methods.rb:228:in `each'
  activesupport (3.2.1) lib/active_support/inflector/methods.rb:228:in `constantize'
  actionpack (3.2.1) lib/action_dispatch/routing/route_set.rb:62:in `controller_reference'
  actionpack (3.2.1) lib/action_dispatch/routing/route_set.rb:47:in `controller'
  actionpack (3.2.1) lib/action_dispatch/routing/route_set.rb:26:in `call'
  journey (1.0.4) lib/journey/router.rb:68:in `block in call'
  journey (1.0.4) lib/journey/router.rb:56:in `each'
  journey (1.0.4) lib/journey/router.rb:56:in `call'
  actionpack (3.2.1) lib/action_dispatch/routing/route_set.rb:589:in `call'
  warden (1.1.1) lib/warden/manager.rb:35:in `block in call'
  warden (1.1.1) lib/warden/manager.rb:34:in `catch'
  warden (1.1.1) lib/warden/manager.rb:34:in `call'
  actionpack (3.2.1) lib/action_dispatch/middleware/best_standards_support.rb:17:in `call'
  rack (1.4.1) lib/rack/etag.rb:23:in `call'
  rack (1.4.1) lib/rack/conditionalget.rb:25:in `call'
  actionpack (3.2.1) lib/action_dispatch/middleware/head.rb:14:in `call'
  actionpack (3.2.1) lib/action_dispatch/middleware/params_parser.rb:21:in `call'
  actionpack (3.2.1) lib/action_dispatch/middleware/flash.rb:242:in `call'
  rack (1.4.1) lib/rack/session/abstract/id.rb:205:in `context'
  rack (1.4.1) lib/rack/session/abstract/id.rb:200:in `call'
  actionpack (3.2.1) lib/action_dispatch/middleware/cookies.rb:338:in `call'
  activerecord (3.2.1) lib/active_record/query_cache.rb:64:in `call'
  activerecord (3.2.1) lib/active_record/connection_adapters/abstract/connection_pool.rb:443:in `call'
  actionpack (3.2.1) lib/action_dispatch/middleware/callbacks.rb:28:in `block in call'
  activesupport (3.2.1) lib/active_support/callbacks.rb:405:in `_run__460228314133637255__call__3590824126842577011__callbacks'
  activesupport (3.2.1) lib/active_support/callbacks.rb:405:in `__run_callback'
  activesupport (3.2.1) lib/active_support/callbacks.rb:385:in `_run_call_callbacks'
  activesupport (3.2.1) lib/active_support/callbacks.rb:81:in `run_callbacks'
  actionpack (3.2.1) lib/action_dispatch/middleware/callbacks.rb:27:in `call'
  actionpack (3.2.1) lib/action_dispatch/middleware/reloader.rb:65:in `call'
  actionpack (3.2.1) lib/action_dispatch/middleware/remote_ip.rb:31:in `call'
  actionpack (3.2.1) lib/action_dispatch/middleware/debug_exceptions.rb:16:in `call'
  actionpack (3.2.1) lib/action_dispatch/middleware/show_exceptions.rb:56:in `call'
  railties (3.2.1) lib/rails/rack/logger.rb:26:in `call_app'
  railties (3.2.1) lib/rails/rack/logger.rb:16:in `call'
  actionpack (3.2.1) lib/action_dispatch/middleware/request_id.rb:22:in `call'
  rack (1.4.1) lib/rack/methodoverride.rb:21:in `call'
  rack (1.4.1) lib/rack/runtime.rb:17:in `call'
  activesupport (3.2.1) lib/active_support/cache/strategy/local_cache.rb:72:in `call'
  rack (1.4.1) lib/rack/lock.rb:15:in `call'
  actionpack (3.2.1) lib/action_dispatch/middleware/static.rb:53:in `call'
  railties (3.2.1) lib/rails/engine.rb:479:in `call'
  railties (3.2.1) lib/rails/application.rb:220:in `call'
  rack (1.4.1) lib/rack/content_length.rb:14:in `call'
  railties (3.2.1) lib/rails/rack/log_tailer.rb:14:in `call'
  rack (1.4.1) lib/rack/handler/webrick.rb:59:in `service'
  /Users/cblair/.rvm/rubies/ruby-1.9.3-p125/lib/ruby/1.9.1/webrick/httpserver.rb:138:in `service'
  /Users/cblair/.rvm/rubies/ruby-1.9.3-p125/lib/ruby/1.9.1/webrick/httpserver.rb:94:in `run'
  /Users/cblair/.rvm/rubies/ruby-1.9.3-p125/lib/ruby/1.9.1/webrick/server.rb:191:in `block in start_thread'


  Rendered /Users/cblair/.rvm/gems/ruby-1.9.3-p125/gems/actionpack-3.2.1/lib/action_dispatch/middleware/templates/rescues/routing_error.erb within rescues/layout (0.8ms)


Started GET "/tasks" for 127.0.0.1 at 2012-09-07 16:48:11 -0700
Processing by TasksController#index as HTML
  [1m[36mTask Load (0.6ms)[0m  [1mSELECT "tasks".* FROM "tasks" [0m
  Rendered tasks/index.html.erb within layouts/application (4.5ms)
Completed 200 OK in 52ms (Views: 38.9ms | ActiveRecord: 0.6ms)


Started GET "/assets/tasks.css?body=1" for 127.0.0.1 at 2012-09-07 16:48:12 -0700
Served asset /tasks.css - 304 Not Modified (2ms)


Started GET "/assets/scaffolds.css?body=1" for 127.0.0.1 at 2012-09-07 16:48:12 -0700
Served asset /scaffolds.css - 304 Not Modified (2ms)


Started GET "/assets/tasks.js?body=1" for 127.0.0.1 at 2012-09-07 16:48:12 -0700
Served asset /tasks.js - 304 Not Modified (3ms)


Started GET "/assets/application.css?body=1" for 127.0.0.1 at 2012-09-07 16:48:12 -0700
Served asset /application.css - 304 Not Modified (9ms)


Started GET "/assets/jquery.js?body=1" for 127.0.0.1 at 2012-09-07 16:48:12 -0700
Served asset /jquery.js - 304 Not Modified (43ms)


Started GET "/assets/jquery_ujs.js?body=1" for 127.0.0.1 at 2012-09-07 16:48:12 -0700
Served asset /jquery_ujs.js - 304 Not Modified (2ms)


Started GET "/assets/application.js?body=1" for 127.0.0.1 at 2012-09-07 16:48:12 -0700
Served asset /application.js - 304 Not Modified (8ms)


Started GET "/" for 127.0.0.1 at 2012-09-07 16:48:15 -0700

ActionController::RoutingError (uninitialized constant UsersController):
  activesupport (3.2.1) lib/active_support/inflector/methods.rb:229:in `block in constantize'
  activesupport (3.2.1) lib/active_support/inflector/methods.rb:228:in `each'
  activesupport (3.2.1) lib/active_support/inflector/methods.rb:228:in `constantize'
  actionpack (3.2.1) lib/action_dispatch/routing/route_set.rb:62:in `controller_reference'
  actionpack (3.2.1) lib/action_dispatch/routing/route_set.rb:47:in `controller'
  actionpack (3.2.1) lib/action_dispatch/routing/route_set.rb:26:in `call'
  journey (1.0.4) lib/journey/router.rb:68:in `block in call'
  journey (1.0.4) lib/journey/router.rb:56:in `each'
  journey (1.0.4) lib/journey/router.rb:56:in `call'
  actionpack (3.2.1) lib/action_dispatch/routing/route_set.rb:589:in `call'
  warden (1.1.1) lib/warden/manager.rb:35:in `block in call'
  warden (1.1.1) lib/warden/manager.rb:34:in `catch'
  warden (1.1.1) lib/warden/manager.rb:34:in `call'
  actionpack (3.2.1) lib/action_dispatch/middleware/best_standards_support.rb:17:in `call'
  rack (1.4.1) lib/rack/etag.rb:23:in `call'
  rack (1.4.1) lib/rack/conditionalget.rb:25:in `call'
  actionpack (3.2.1) lib/action_dispatch/middleware/head.rb:14:in `call'
  actionpack (3.2.1) lib/action_dispatch/middleware/params_parser.rb:21:in `call'
  actionpack (3.2.1) lib/action_dispatch/middleware/flash.rb:242:in `call'
  rack (1.4.1) lib/rack/session/abstract/id.rb:205:in `context'
  rack (1.4.1) lib/rack/session/abstract/id.rb:200:in `call'
  actionpack (3.2.1) lib/action_dispatch/middleware/cookies.rb:338:in `call'
  activerecord (3.2.1) lib/active_record/query_cache.rb:64:in `call'
  activerecord (3.2.1) lib/active_record/connection_adapters/abstract/connection_pool.rb:443:in `call'
  actionpack (3.2.1) lib/action_dispatch/middleware/callbacks.rb:28:in `block in call'
  activesupport (3.2.1) lib/active_support/callbacks.rb:405:in `_run__460228314133637255__call__3590824126842577011__callbacks'
  activesupport (3.2.1) lib/active_support/callbacks.rb:405:in `__run_callback'
  activesupport (3.2.1) lib/active_support/callbacks.rb:385:in `_run_call_callbacks'
  activesupport (3.2.1) lib/active_support/callbacks.rb:81:in `run_callbacks'
  actionpack (3.2.1) lib/action_dispatch/middleware/callbacks.rb:27:in `call'
  actionpack (3.2.1) lib/action_dispatch/middleware/reloader.rb:65:in `call'
  actionpack (3.2.1) lib/action_dispatch/middleware/remote_ip.rb:31:in `call'
  actionpack (3.2.1) lib/action_dispatch/middleware/debug_exceptions.rb:16:in `call'
  actionpack (3.2.1) lib/action_dispatch/middleware/show_exceptions.rb:56:in `call'
  railties (3.2.1) lib/rails/rack/logger.rb:26:in `call_app'
  railties (3.2.1) lib/rails/rack/logger.rb:16:in `call'
  actionpack (3.2.1) lib/action_dispatch/middleware/request_id.rb:22:in `call'
  rack (1.4.1) lib/rack/methodoverride.rb:21:in `call'
  rack (1.4.1) lib/rack/runtime.rb:17:in `call'
  activesupport (3.2.1) lib/active_support/cache/strategy/local_cache.rb:72:in `call'
  rack (1.4.1) lib/rack/lock.rb:15:in `call'
  actionpack (3.2.1) lib/action_dispatch/middleware/static.rb:53:in `call'
  railties (3.2.1) lib/rails/engine.rb:479:in `call'
  railties (3.2.1) lib/rails/application.rb:220:in `call'
  rack (1.4.1) lib/rack/content_length.rb:14:in `call'
  railties (3.2.1) lib/rails/rack/log_tailer.rb:14:in `call'
  rack (1.4.1) lib/rack/handler/webrick.rb:59:in `service'
  /Users/cblair/.rvm/rubies/ruby-1.9.3-p125/lib/ruby/1.9.1/webrick/httpserver.rb:138:in `service'
  /Users/cblair/.rvm/rubies/ruby-1.9.3-p125/lib/ruby/1.9.1/webrick/httpserver.rb:94:in `run'
  /Users/cblair/.rvm/rubies/ruby-1.9.3-p125/lib/ruby/1.9.1/webrick/server.rb:191:in `block in start_thread'


  Rendered /Users/cblair/.rvm/gems/ruby-1.9.3-p125/gems/actionpack-3.2.1/lib/action_dispatch/middleware/templates/rescues/routing_error.erb within rescues/layout (0.8ms)


Started GET "/users/sign_in" for 127.0.0.1 at 2012-09-07 16:48:40 -0700
Processing by Devise::SessionsController#new as HTML
  Rendered /Users/cblair/.rvm/gems/ruby-1.9.3-p125/gems/devise-2.0.4/app/views/devise/_links.erb (2.2ms)
  Rendered /Users/cblair/.rvm/gems/ruby-1.9.3-p125/gems/devise-2.0.4/app/views/devise/sessions/new.html.erb within layouts/application (13.7ms)
Completed 200 OK in 46ms (Views: 23.4ms | ActiveRecord: 0.4ms)


Started GET "/assets/scaffolds.css?body=1" for 127.0.0.1 at 2012-09-07 16:48:40 -0700
Served asset /scaffolds.css - 304 Not Modified (0ms)


Started GET "/assets/application.css?body=1" for 127.0.0.1 at 2012-09-07 16:48:40 -0700
Served asset /application.css - 304 Not Modified (6ms)


Started GET "/assets/jquery.js?body=1" for 127.0.0.1 at 2012-09-07 16:48:40 -0700
Served asset /jquery.js - 304 Not Modified (0ms)


Started GET "/assets/jquery_ujs.js?body=1" for 127.0.0.1 at 2012-09-07 16:48:40 -0700
Served asset /jquery_ujs.js - 304 Not Modified (0ms)


Started GET "/assets/tasks.js?body=1" for 127.0.0.1 at 2012-09-07 16:48:40 -0700
Served asset /tasks.js - 304 Not Modified (0ms)


Started GET "/assets/tasks.css?body=1" for 127.0.0.1 at 2012-09-07 16:48:40 -0700
Served asset /tasks.css - 304 Not Modified (0ms)


Started GET "/assets/application.js?body=1" for 127.0.0.1 at 2012-09-07 16:48:40 -0700
Served asset /application.js - 304 Not Modified (0ms)


Started GET "/" for 127.0.0.1 at 2012-09-07 16:49:19 -0700

ActionController::RoutingError (uninitialized constant HomeController):
  activesupport (3.2.1) lib/active_support/inflector/methods.rb:229:in `block in constantize'
  activesupport (3.2.1) lib/active_support/inflector/methods.rb:228:in `each'
  activesupport (3.2.1) lib/active_support/inflector/methods.rb:228:in `constantize'
  actionpack (3.2.1) lib/action_dispatch/routing/route_set.rb:62:in `controller_reference'
  actionpack (3.2.1) lib/action_dispatch/routing/route_set.rb:47:in `controller'
  actionpack (3.2.1) lib/action_dispatch/routing/route_set.rb:26:in `call'
  journey (1.0.4) lib/journey/router.rb:68:in `block in call'
  journey (1.0.4) lib/journey/router.rb:56:in `each'
  journey (1.0.4) lib/journey/router.rb:56:in `call'
  actionpack (3.2.1) lib/action_dispatch/routing/route_set.rb:589:in `call'
  warden (1.1.1) lib/warden/manager.rb:35:in `block in call'
  warden (1.1.1) lib/warden/manager.rb:34:in `catch'
  warden (1.1.1) lib/warden/manager.rb:34:in `call'
  actionpack (3.2.1) lib/action_dispatch/middleware/best_standards_support.rb:17:in `call'
  rack (1.4.1) lib/rack/etag.rb:23:in `call'
  rack (1.4.1) lib/rack/conditionalget.rb:25:in `call'
  actionpack (3.2.1) lib/action_dispatch/middleware/head.rb:14:in `call'
  actionpack (3.2.1) lib/action_dispatch/middleware/params_parser.rb:21:in `call'
  actionpack (3.2.1) lib/action_dispatch/middleware/flash.rb:242:in `call'
  rack (1.4.1) lib/rack/session/abstract/id.rb:205:in `context'
  rack (1.4.1) lib/rack/session/abstract/id.rb:200:in `call'
  actionpack (3.2.1) lib/action_dispatch/middleware/cookies.rb:338:in `call'
  activerecord (3.2.1) lib/active_record/query_cache.rb:64:in `call'
  activerecord (3.2.1) lib/active_record/connection_adapters/abstract/connection_pool.rb:443:in `call'
  actionpack (3.2.1) lib/action_dispatch/middleware/callbacks.rb:28:in `block in call'
  activesupport (3.2.1) lib/active_support/callbacks.rb:405:in `_run__2840074319928164846__call__1062606644570675749__callbacks'
  activesupport (3.2.1) lib/active_support/callbacks.rb:405:in `__run_callback'
  activesupport (3.2.1) lib/active_support/callbacks.rb:385:in `_run_call_callbacks'
  activesupport (3.2.1) lib/active_support/callbacks.rb:81:in `run_callbacks'
  actionpack (3.2.1) lib/action_dispatch/middleware/callbacks.rb:27:in `call'
  actionpack (3.2.1) lib/action_dispatch/middleware/reloader.rb:65:in `call'
  actionpack (3.2.1) lib/action_dispatch/middleware/remote_ip.rb:31:in `call'
  actionpack (3.2.1) lib/action_dispatch/middleware/debug_exceptions.rb:16:in `call'
  actionpack (3.2.1) lib/action_dispatch/middleware/show_exceptions.rb:56:in `call'
  railties (3.2.1) lib/rails/rack/logger.rb:26:in `call_app'
  railties (3.2.1) lib/rails/rack/logger.rb:16:in `call'
  actionpack (3.2.1) lib/action_dispatch/middleware/request_id.rb:22:in `call'
  rack (1.4.1) lib/rack/methodoverride.rb:21:in `call'
  rack (1.4.1) lib/rack/runtime.rb:17:in `call'
  activesupport (3.2.1) lib/active_support/cache/strategy/local_cache.rb:72:in `call'
  rack (1.4.1) lib/rack/lock.rb:15:in `call'
  actionpack (3.2.1) lib/action_dispatch/middleware/static.rb:53:in `call'
  railties (3.2.1) lib/rails/engine.rb:479:in `call'
  railties (3.2.1) lib/rails/application.rb:220:in `call'
  rack (1.4.1) lib/rack/content_length.rb:14:in `call'
  railties (3.2.1) lib/rails/rack/log_tailer.rb:14:in `call'
  rack (1.4.1) lib/rack/handler/webrick.rb:59:in `service'
  /Users/cblair/.rvm/rubies/ruby-1.9.3-p125/lib/ruby/1.9.1/webrick/httpserver.rb:138:in `service'
  /Users/cblair/.rvm/rubies/ruby-1.9.3-p125/lib/ruby/1.9.1/webrick/httpserver.rb:94:in `run'
  /Users/cblair/.rvm/rubies/ruby-1.9.3-p125/lib/ruby/1.9.1/webrick/server.rb:191:in `block in start_thread'


  Rendered /Users/cblair/.rvm/gems/ruby-1.9.3-p125/gems/actionpack-3.2.1/lib/action_dispatch/middleware/templates/rescues/routing_error.erb within rescues/layout (3.0ms)


Started GET "/" for 127.0.0.1 at 2012-09-07 16:49:55 -0700

ActionController::RoutingError (uninitialized constant HomeController):
  activesupport (3.2.1) lib/active_support/inflector/methods.rb:229:in `block in constantize'
  activesupport (3.2.1) lib/active_support/inflector/methods.rb:228:in `each'
  activesupport (3.2.1) lib/active_support/inflector/methods.rb:228:in `constantize'
  actionpack (3.2.1) lib/action_dispatch/routing/route_set.rb:62:in `controller_reference'
  actionpack (3.2.1) lib/action_dispatch/routing/route_set.rb:47:in `controller'
  actionpack (3.2.1) lib/action_dispatch/routing/route_set.rb:26:in `call'
  journey (1.0.4) lib/journey/router.rb:68:in `block in call'
  journey (1.0.4) lib/journey/router.rb:56:in `each'
  journey (1.0.4) lib/journey/router.rb:56:in `call'
  actionpack (3.2.1) lib/action_dispatch/routing/route_set.rb:589:in `call'
  warden (1.1.1) lib/warden/manager.rb:35:in `block in call'
  warden (1.1.1) lib/warden/manager.rb:34:in `catch'
  warden (1.1.1) lib/warden/manager.rb:34:in `call'
  actionpack (3.2.1) lib/action_dispatch/middleware/best_standards_support.rb:17:in `call'
  rack (1.4.1) lib/rack/etag.rb:23:in `call'
  rack (1.4.1) lib/rack/conditionalget.rb:25:in `call'
  actionpack (3.2.1) lib/action_dispatch/middleware/head.rb:14:in `call'
  actionpack (3.2.1) lib/action_dispatch/middleware/params_parser.rb:21:in `call'
  actionpack (3.2.1) lib/action_dispatch/middleware/flash.rb:242:in `call'
  rack (1.4.1) lib/rack/session/abstract/id.rb:205:in `context'
  rack (1.4.1) lib/rack/session/abstract/id.rb:200:in `call'
  actionpack (3.2.1) lib/action_dispatch/middleware/cookies.rb:338:in `call'
  activerecord (3.2.1) lib/active_record/query_cache.rb:64:in `call'
  activerecord (3.2.1) lib/active_record/connection_adapters/abstract/connection_pool.rb:443:in `call'
  actionpack (3.2.1) lib/action_dispatch/middleware/callbacks.rb:28:in `block in call'
  activesupport (3.2.1) lib/active_support/callbacks.rb:405:in `_run__2434431184220624846__call__2754537939978022000__callbacks'
  activesupport (3.2.1) lib/active_support/callbacks.rb:405:in `__run_callback'
  activesupport (3.2.1) lib/active_support/callbacks.rb:385:in `_run_call_callbacks'
  activesupport (3.2.1) lib/active_support/callbacks.rb:81:in `run_callbacks'
  actionpack (3.2.1) lib/action_dispatch/middleware/callbacks.rb:27:in `call'
  actionpack (3.2.1) lib/action_dispatch/middleware/reloader.rb:65:in `call'
  actionpack (3.2.1) lib/action_dispatch/middleware/remote_ip.rb:31:in `call'
  actionpack (3.2.1) lib/action_dispatch/middleware/debug_exceptions.rb:16:in `call'
  actionpack (3.2.1) lib/action_dispatch/middleware/show_exceptions.rb:56:in `call'
  railties (3.2.1) lib/rails/rack/logger.rb:26:in `call_app'
  railties (3.2.1) lib/rails/rack/logger.rb:16:in `call'
  actionpack (3.2.1) lib/action_dispatch/middleware/request_id.rb:22:in `call'
  rack (1.4.1) lib/rack/methodoverride.rb:21:in `call'
  rack (1.4.1) lib/rack/runtime.rb:17:in `call'
  activesupport (3.2.1) lib/active_support/cache/strategy/local_cache.rb:72:in `call'
  rack (1.4.1) lib/rack/lock.rb:15:in `call'
  actionpack (3.2.1) lib/action_dispatch/middleware/static.rb:53:in `call'
  railties (3.2.1) lib/rails/engine.rb:479:in `call'
  railties (3.2.1) lib/rails/application.rb:220:in `call'
  rack (1.4.1) lib/rack/content_length.rb:14:in `call'
  railties (3.2.1) lib/rails/rack/log_tailer.rb:14:in `call'
  rack (1.4.1) lib/rack/handler/webrick.rb:59:in `service'
  /Users/cblair/.rvm/rubies/ruby-1.9.3-p125/lib/ruby/1.9.1/webrick/httpserver.rb:138:in `service'
  /Users/cblair/.rvm/rubies/ruby-1.9.3-p125/lib/ruby/1.9.1/webrick/httpserver.rb:94:in `run'
  /Users/cblair/.rvm/rubies/ruby-1.9.3-p125/lib/ruby/1.9.1/webrick/server.rb:191:in `block in start_thread'


  Rendered /Users/cblair/.rvm/gems/ruby-1.9.3-p125/gems/actionpack-3.2.1/lib/action_dispatch/middleware/templates/rescues/routing_error.erb within rescues/layout (3.4ms)


Started GET "/" for 127.0.0.1 at 2012-09-07 16:49:59 -0700

ActionController::RoutingError (uninitialized constant HomeController):
  activesupport (3.2.1) lib/active_support/inflector/methods.rb:229:in `block in constantize'
  activesupport (3.2.1) lib/active_support/inflector/methods.rb:228:in `each'
  activesupport (3.2.1) lib/active_support/inflector/methods.rb:228:in `constantize'
  actionpack (3.2.1) lib/action_dispatch/routing/route_set.rb:62:in `controller_reference'
  actionpack (3.2.1) lib/action_dispatch/routing/route_set.rb:47:in `controller'
  actionpack (3.2.1) lib/action_dispatch/routing/route_set.rb:26:in `call'
  journey (1.0.4) lib/journey/router.rb:68:in `block in call'
  journey (1.0.4) lib/journey/router.rb:56:in `each'
  journey (1.0.4) lib/journey/router.rb:56:in `call'
  actionpack (3.2.1) lib/action_dispatch/routing/route_set.rb:589:in `call'
  warden (1.1.1) lib/warden/manager.rb:35:in `block in call'
  warden (1.1.1) lib/warden/manager.rb:34:in `catch'
  warden (1.1.1) lib/warden/manager.rb:34:in `call'
  actionpack (3.2.1) lib/action_dispatch/middleware/best_standards_support.rb:17:in `call'
  rack (1.4.1) lib/rack/etag.rb:23:in `call'
  rack (1.4.1) lib/rack/conditionalget.rb:25:in `call'
  actionpack (3.2.1) lib/action_dispatch/middleware/head.rb:14:in `call'
  actionpack (3.2.1) lib/action_dispatch/middleware/params_parser.rb:21:in `call'
  actionpack (3.2.1) lib/action_dispatch/middleware/flash.rb:242:in `call'
  rack (1.4.1) lib/rack/session/abstract/id.rb:205:in `context'
  rack (1.4.1) lib/rack/session/abstract/id.rb:200:in `call'
  actionpack (3.2.1) lib/action_dispatch/middleware/cookies.rb:338:in `call'
  activerecord (3.2.1) lib/active_record/query_cache.rb:64:in `call'
  activerecord (3.2.1) lib/active_record/connection_adapters/abstract/connection_pool.rb:443:in `call'
  actionpack (3.2.1) lib/action_dispatch/middleware/callbacks.rb:28:in `block in call'
  activesupport (3.2.1) lib/active_support/callbacks.rb:405:in `_run__2434431184220624846__call__2754537939978022000__callbacks'
  activesupport (3.2.1) lib/active_support/callbacks.rb:405:in `__run_callback'
  activesupport (3.2.1) lib/active_support/callbacks.rb:385:in `_run_call_callbacks'
  activesupport (3.2.1) lib/active_support/callbacks.rb:81:in `run_callbacks'
  actionpack (3.2.1) lib/action_dispatch/middleware/callbacks.rb:27:in `call'
  actionpack (3.2.1) lib/action_dispatch/middleware/reloader.rb:65:in `call'
  actionpack (3.2.1) lib/action_dispatch/middleware/remote_ip.rb:31:in `call'
  actionpack (3.2.1) lib/action_dispatch/middleware/debug_exceptions.rb:16:in `call'
  actionpack (3.2.1) lib/action_dispatch/middleware/show_exceptions.rb:56:in `call'
  railties (3.2.1) lib/rails/rack/logger.rb:26:in `call_app'
  railties (3.2.1) lib/rails/rack/logger.rb:16:in `call'
  actionpack (3.2.1) lib/action_dispatch/middleware/request_id.rb:22:in `call'
  rack (1.4.1) lib/rack/methodoverride.rb:21:in `call'
  rack (1.4.1) lib/rack/runtime.rb:17:in `call'
  activesupport (3.2.1) lib/active_support/cache/strategy/local_cache.rb:72:in `call'
  rack (1.4.1) lib/rack/lock.rb:15:in `call'
  actionpack (3.2.1) lib/action_dispatch/middleware/static.rb:53:in `call'
  railties (3.2.1) lib/rails/engine.rb:479:in `call'
  railties (3.2.1) lib/rails/application.rb:220:in `call'
  rack (1.4.1) lib/rack/content_length.rb:14:in `call'
  railties (3.2.1) lib/rails/rack/log_tailer.rb:14:in `call'
  rack (1.4.1) lib/rack/handler/webrick.rb:59:in `service'
  /Users/cblair/.rvm/rubies/ruby-1.9.3-p125/lib/ruby/1.9.1/webrick/httpserver.rb:138:in `service'
  /Users/cblair/.rvm/rubies/ruby-1.9.3-p125/lib/ruby/1.9.1/webrick/httpserver.rb:94:in `run'
  /Users/cblair/.rvm/rubies/ruby-1.9.3-p125/lib/ruby/1.9.1/webrick/server.rb:191:in `block in start_thread'


  Rendered /Users/cblair/.rvm/gems/ruby-1.9.3-p125/gems/actionpack-3.2.1/lib/action_dispatch/middleware/templates/rescues/routing_error.erb within rescues/layout (0.9ms)


Started GET "/" for 127.0.0.1 at 2012-09-07 16:51:03 -0700
Processing by HomesController#index as HTML
Completed 500 Internal Server Error in 1ms

ActiveRecord::StatementInvalid (Could not find table 'homes'):
  app/controllers/homes_controller.rb:5:in `index'


  Rendered /Users/cblair/.rvm/gems/ruby-1.9.3-p125/gems/actionpack-3.2.1/lib/action_dispatch/middleware/templates/rescues/_trace.erb (4.5ms)
  Rendered /Users/cblair/.rvm/gems/ruby-1.9.3-p125/gems/actionpack-3.2.1/lib/action_dispatch/middleware/templates/rescues/_request_and_response.erb (1.3ms)
  Rendered /Users/cblair/.rvm/gems/ruby-1.9.3-p125/gems/actionpack-3.2.1/lib/action_dispatch/middleware/templates/rescues/diagnostics.erb within rescues/layout (12.2ms)


Started GET "/" for 127.0.0.1 at 2012-09-07 16:52:55 -0700
Processing by HomesController#index as HTML
  Rendered homes/index.html.erb within layouts/application (1.3ms)
Compiled homes.css  (17ms)  (pid 67966)
Compiled application.css  (29ms)  (pid 67966)
Compiled homes.js  (328ms)  (pid 67966)
Compiled application.js  (345ms)  (pid 67966)
Completed 200 OK in 486ms (Views: 485.1ms | ActiveRecord: 0.0ms)


Started GET "/assets/homes.css?body=1" for 127.0.0.1 at 2012-09-07 16:52:56 -0700
Served asset /homes.css - 200 OK (3ms)


Started GET "/assets/tasks.js?body=1" for 127.0.0.1 at 2012-09-07 16:52:56 -0700
Served asset /tasks.js - 304 Not Modified (4ms)


Started GET "/assets/homes.js?body=1" for 127.0.0.1 at 2012-09-07 16:52:56 -0700
Served asset /homes.js - 200 OK (2ms)


Started GET "/assets/application.css?body=1" for 127.0.0.1 at 2012-09-07 16:52:56 -0700
Served asset /application.css - 304 Not Modified (6ms)


Started GET "/assets/jquery.js?body=1" for 127.0.0.1 at 2012-09-07 16:52:56 -0700
Served asset /jquery.js - 304 Not Modified (4ms)


Started GET "/assets/scaffolds.css?body=1" for 127.0.0.1 at 2012-09-07 16:52:56 -0700
Served asset /scaffolds.css - 304 Not Modified (2ms)


Started GET "/assets/tasks.css?body=1" for 127.0.0.1 at 2012-09-07 16:52:56 -0700
Served asset /tasks.css - 304 Not Modified (9ms)


Started GET "/assets/jquery_ujs.js?body=1" for 127.0.0.1 at 2012-09-07 16:52:56 -0700
Served asset /jquery_ujs.js - 304 Not Modified (5ms)


Started GET "/assets/application.js?body=1" for 127.0.0.1 at 2012-09-07 16:52:56 -0700
Served asset /application.js - 304 Not Modified (19ms)


Started GET "/homes/new" for 127.0.0.1 at 2012-09-07 16:53:00 -0700
Processing by HomesController#new as HTML
  Rendered homes/_form.html.erb (7.7ms)
  Rendered homes/new.html.erb within layouts/application (14.7ms)
Completed 500 Internal Server Error in 19ms

ActionView::Template::Error (undefined method `model_name' for NilClass:Class):
    1: <%= form_for(@home) do |f| %>
    2:   <% if @home.errors.any? %>
    3:     <div id="error_explanation">
    4:       <h2><%= pluralize(@home.errors.count, "error") %> prohibited this home from being saved:</h2>
  app/views/homes/_form.html.erb:1:in `_app_views_homes__form_html_erb__117711140449792497_70253145964100'
  app/views/homes/new.html.erb:3:in `_app_views_homes_new_html_erb__1936674360306799309_70253140271240'
  app/controllers/homes_controller.rb:32:in `new'


  Rendered /Users/cblair/.rvm/gems/ruby-1.9.3-p125/gems/actionpack-3.2.1/lib/action_dispatch/middleware/templates/rescues/_trace.erb (6.1ms)
  Rendered /Users/cblair/.rvm/gems/ruby-1.9.3-p125/gems/actionpack-3.2.1/lib/action_dispatch/middleware/templates/rescues/_request_and_response.erb (1.4ms)
  Rendered /Users/cblair/.rvm/gems/ruby-1.9.3-p125/gems/actionpack-3.2.1/lib/action_dispatch/middleware/templates/rescues/template_error.erb within rescues/layout (12.2ms)


Started GET "/" for 127.0.0.1 at 2012-09-07 17:22:37 -0700
Processing by HomesController#index as HTML
  Rendered homes/index.html.erb within layouts/application (3.7ms)
Completed 200 OK in 13ms (Views: 12.7ms | ActiveRecord: 0.0ms)


Started GET "/assets/application.css?body=1" for 127.0.0.1 at 2012-09-07 17:22:37 -0700
Served asset /application.css - 304 Not Modified (2ms)


Started GET "/assets/homes.css?body=1" for 127.0.0.1 at 2012-09-07 17:22:37 -0700
Served asset /homes.css - 304 Not Modified (0ms)


Started GET "/assets/scaffolds.css?body=1" for 127.0.0.1 at 2012-09-07 17:22:37 -0700
Served asset /scaffolds.css - 304 Not Modified (0ms)


Started GET "/assets/tasks.css?body=1" for 127.0.0.1 at 2012-09-07 17:22:37 -0700
Served asset /tasks.css - 304 Not Modified (0ms)


Started GET "/assets/jquery.js?body=1" for 127.0.0.1 at 2012-09-07 17:22:37 -0700
Served asset /jquery.js - 304 Not Modified (0ms)


Started GET "/assets/jquery_ujs.js?body=1" for 127.0.0.1 at 2012-09-07 17:22:37 -0700
Served asset /jquery_ujs.js - 304 Not Modified (0ms)


Started GET "/assets/homes.js?body=1" for 127.0.0.1 at 2012-09-07 17:22:37 -0700
Served asset /homes.js - 304 Not Modified (0ms)


Started GET "/assets/application.js?body=1" for 127.0.0.1 at 2012-09-07 17:22:37 -0700
Served asset /application.js - 304 Not Modified (0ms)


Started GET "/assets/tasks.js?body=1" for 127.0.0.1 at 2012-09-07 17:22:37 -0700
Served asset /tasks.js - 304 Not Modified (0ms)


Started GET "/homes" for 127.0.0.1 at 2012-09-07 17:22:40 -0700
Processing by HomesController#index as HTML
  Rendered homes/index.html.erb within layouts/application (1.0ms)
Completed 200 OK in 9ms (Views: 8.9ms | ActiveRecord: 0.0ms)


Started GET "/assets/application.css?body=1" for 127.0.0.1 at 2012-09-07 17:22:40 -0700
Served asset /application.css - 304 Not Modified (0ms)


Started GET "/assets/homes.css?body=1" for 127.0.0.1 at 2012-09-07 17:22:40 -0700
Served asset /homes.css - 304 Not Modified (0ms)


Started GET "/assets/scaffolds.css?body=1" for 127.0.0.1 at 2012-09-07 17:22:40 -0700
Served asset /scaffolds.css - 304 Not Modified (1ms)


Started GET "/assets/homes.js?body=1" for 127.0.0.1 at 2012-09-07 17:22:40 -0700
Served asset /homes.js - 304 Not Modified (0ms)


Started GET "/assets/tasks.css?body=1" for 127.0.0.1 at 2012-09-07 17:22:40 -0700
Served asset /tasks.css - 304 Not Modified (0ms)


Started GET "/assets/tasks.js?body=1" for 127.0.0.1 at 2012-09-07 17:22:40 -0700
Served asset /tasks.js - 304 Not Modified (0ms)


Started GET "/assets/jquery_ujs.js?body=1" for 127.0.0.1 at 2012-09-07 17:22:40 -0700
Served asset /jquery_ujs.js - 304 Not Modified (0ms)


Started GET "/assets/jquery.js?body=1" for 127.0.0.1 at 2012-09-07 17:22:40 -0700
Served asset /jquery.js - 304 Not Modified (0ms)


Started GET "/assets/application.js?body=1" for 127.0.0.1 at 2012-09-07 17:22:40 -0700
Served asset /application.js - 304 Not Modified (0ms)


Started GET "/homes" for 127.0.0.1 at 2012-09-07 17:23:10 -0700
Processing by HomesController#index as HTML
  Rendered homes/index.html.erb within layouts/application (1.3ms)
Completed 200 OK in 10ms (Views: 9.8ms | ActiveRecord: 0.0ms)


Started GET "/assets/scaffolds.css?body=1" for 127.0.0.1 at 2012-09-07 17:23:10 -0700
Served asset /scaffolds.css - 304 Not Modified (0ms)


Started GET "/assets/tasks.css?body=1" for 127.0.0.1 at 2012-09-07 17:23:10 -0700
Served asset /tasks.css - 304 Not Modified (0ms)


Started GET "/assets/homes.css?body=1" for 127.0.0.1 at 2012-09-07 17:23:10 -0700
Served asset /homes.css - 304 Not Modified (0ms)


Started GET "/assets/jquery.js?body=1" for 127.0.0.1 at 2012-09-07 17:23:10 -0700
Served asset /jquery.js - 304 Not Modified (0ms)


Started GET "/assets/application.css?body=1" for 127.0.0.1 at 2012-09-07 17:23:10 -0700
Served asset /application.css - 304 Not Modified (0ms)


Started GET "/assets/jquery_ujs.js?body=1" for 127.0.0.1 at 2012-09-07 17:23:10 -0700
Served asset /jquery_ujs.js - 304 Not Modified (0ms)


Started GET "/assets/application.js?body=1" for 127.0.0.1 at 2012-09-07 17:23:10 -0700
Served asset /application.js - 304 Not Modified (0ms)


Started GET "/assets/tasks.js?body=1" for 127.0.0.1 at 2012-09-07 17:23:10 -0700
Served asset /tasks.js - 304 Not Modified (0ms)


Started GET "/assets/homes.js?body=1" for 127.0.0.1 at 2012-09-07 17:23:10 -0700
Served asset /homes.js - 304 Not Modified (0ms)


Started GET "/users/sign_in" for 127.0.0.1 at 2012-09-07 17:23:12 -0700
Processing by Devise::SessionsController#new as HTML
  Rendered /Users/cblair/.rvm/gems/ruby-1.9.3-p125/gems/devise-2.0.4/app/views/devise/_links.erb (2.2ms)
  Rendered /Users/cblair/.rvm/gems/ruby-1.9.3-p125/gems/devise-2.0.4/app/views/devise/sessions/new.html.erb within layouts/application (11.2ms)
Completed 200 OK in 54ms (Views: 22.8ms | ActiveRecord: 0.6ms)


Started GET "/assets/application.css?body=1" for 127.0.0.1 at 2012-09-07 17:23:12 -0700
Served asset /application.css - 304 Not Modified (0ms)


Started GET "/assets/jquery_ujs.js?body=1" for 127.0.0.1 at 2012-09-07 17:23:12 -0700
Served asset /jquery_ujs.js - 304 Not Modified (0ms)


Started GET "/assets/homes.css?body=1" for 127.0.0.1 at 2012-09-07 17:23:12 -0700
Served asset /homes.css - 304 Not Modified (0ms)


Started GET "/assets/scaffolds.css?body=1" for 127.0.0.1 at 2012-09-07 17:23:12 -0700
Served asset /scaffolds.css - 304 Not Modified (0ms)


Started GET "/assets/tasks.css?body=1" for 127.0.0.1 at 2012-09-07 17:23:12 -0700
Served asset /tasks.css - 304 Not Modified (0ms)


Started GET "/assets/jquery.js?body=1" for 127.0.0.1 at 2012-09-07 17:23:12 -0700
Served asset /jquery.js - 304 Not Modified (0ms)


Started GET "/assets/homes.js?body=1" for 127.0.0.1 at 2012-09-07 17:23:12 -0700
Served asset /homes.js - 304 Not Modified (0ms)


Started GET "/assets/tasks.js?body=1" for 127.0.0.1 at 2012-09-07 17:23:12 -0700
Served asset /tasks.js - 304 Not Modified (0ms)


Started GET "/assets/application.js?body=1" for 127.0.0.1 at 2012-09-07 17:23:12 -0700
Served asset /application.js - 304 Not Modified (3ms)


Started GET "/homes" for 127.0.0.1 at 2012-09-07 17:23:36 -0700
Processing by HomesController#index as HTML
  Rendered homes/index.html.erb within layouts/application (1.2ms)
Completed 200 OK in 10ms (Views: 9.1ms | ActiveRecord: 0.0ms)


Started GET "/assets/homes.css?body=1" for 127.0.0.1 at 2012-09-07 17:23:36 -0700
Served asset /homes.css - 304 Not Modified (0ms)


Started GET "/assets/jquery.js?body=1" for 127.0.0.1 at 2012-09-07 17:23:36 -0700
Served asset /jquery.js - 304 Not Modified (0ms)


Started GET "/assets/scaffolds.css?body=1" for 127.0.0.1 at 2012-09-07 17:23:36 -0700
Served asset /scaffolds.css - 304 Not Modified (2ms)


Started GET "/assets/tasks.css?body=1" for 127.0.0.1 at 2012-09-07 17:23:36 -0700
Served asset /tasks.css - 304 Not Modified (0ms)


Started GET "/assets/application.css?body=1" for 127.0.0.1 at 2012-09-07 17:23:36 -0700
Served asset /application.css - 304 Not Modified (0ms)


Started GET "/assets/jquery_ujs.js?body=1" for 127.0.0.1 at 2012-09-07 17:23:37 -0700
Served asset /jquery_ujs.js - 304 Not Modified (0ms)


Started GET "/assets/tasks.js?body=1" for 127.0.0.1 at 2012-09-07 17:23:37 -0700
Served asset /tasks.js - 304 Not Modified (0ms)


Started GET "/assets/application.js?body=1" for 127.0.0.1 at 2012-09-07 17:23:37 -0700
Served asset /application.js - 304 Not Modified (0ms)


Started GET "/assets/homes.js?body=1" for 127.0.0.1 at 2012-09-07 17:23:37 -0700
Served asset /homes.js - 304 Not Modified (0ms)


Started GET "/homes" for 127.0.0.1 at 2012-09-07 17:23:49 -0700
Processing by HomesController#index as HTML
  Rendered homes/index.html.erb within layouts/application (1.0ms)
Completed 200 OK in 10ms (Views: 9.4ms | ActiveRecord: 0.0ms)


Started GET "/assets/homes.css?body=1" for 127.0.0.1 at 2012-09-07 17:23:49 -0700
Served asset /homes.css - 304 Not Modified (0ms)


Started GET "/assets/scaffolds.css?body=1" for 127.0.0.1 at 2012-09-07 17:23:49 -0700
Served asset /scaffolds.css - 304 Not Modified (0ms)


Started GET "/assets/tasks.css?body=1" for 127.0.0.1 at 2012-09-07 17:23:49 -0700
Served asset /tasks.css - 304 Not Modified (0ms)


Started GET "/assets/jquery.js?body=1" for 127.0.0.1 at 2012-09-07 17:23:49 -0700
Served asset /jquery.js - 304 Not Modified (0ms)


Started GET "/assets/tasks.js?body=1" for 127.0.0.1 at 2012-09-07 17:23:49 -0700
Served asset /tasks.js - 304 Not Modified (4ms)


Started GET "/assets/jquery_ujs.js?body=1" for 127.0.0.1 at 2012-09-07 17:23:49 -0700
Served asset /jquery_ujs.js - 304 Not Modified (0ms)


Started GET "/assets/application.js?body=1" for 127.0.0.1 at 2012-09-07 17:23:49 -0700
Served asset /application.js - 304 Not Modified (0ms)


Started GET "/assets/application.css?body=1" for 127.0.0.1 at 2012-09-07 17:23:49 -0700
Served asset /application.css - 304 Not Modified (0ms)


Started GET "/assets/homes.js?body=1" for 127.0.0.1 at 2012-09-07 17:23:49 -0700
Served asset /homes.js - 304 Not Modified (0ms)


Started GET "/users/sign_in" for 127.0.0.1 at 2012-09-07 17:23:50 -0700
Processing by Devise::SessionsController#new as HTML
  Rendered /Users/cblair/.rvm/gems/ruby-1.9.3-p125/gems/devise-2.0.4/app/views/devise/_links.erb (0.6ms)
  Rendered /Users/cblair/.rvm/gems/ruby-1.9.3-p125/gems/devise-2.0.4/app/views/devise/sessions/new.html.erb within layouts/application (7.0ms)
Completed 200 OK in 58ms (Views: 56.7ms | ActiveRecord: 0.0ms)


Started GET "/assets/application.css?body=1" for 127.0.0.1 at 2012-09-07 17:23:51 -0700
Served asset /application.css - 304 Not Modified (2ms)


Started GET "/assets/tasks.css?body=1" for 127.0.0.1 at 2012-09-07 17:23:51 -0700
Served asset /tasks.css - 304 Not Modified (0ms)


Started GET "/assets/scaffolds.css?body=1" for 127.0.0.1 at 2012-09-07 17:23:51 -0700
Served asset /scaffolds.css - 304 Not Modified (0ms)


Started GET "/assets/jquery.js?body=1" for 127.0.0.1 at 2012-09-07 17:23:51 -0700
Served asset /jquery.js - 304 Not Modified (0ms)


Started GET "/assets/homes.css?body=1" for 127.0.0.1 at 2012-09-07 17:23:51 -0700
Served asset /homes.css - 304 Not Modified (0ms)


Started GET "/assets/jquery_ujs.js?body=1" for 127.0.0.1 at 2012-09-07 17:23:51 -0700
Served asset /jquery_ujs.js - 304 Not Modified (0ms)


Started GET "/assets/homes.js?body=1" for 127.0.0.1 at 2012-09-07 17:23:51 -0700
Served asset /homes.js - 304 Not Modified (0ms)


Started GET "/assets/tasks.js?body=1" for 127.0.0.1 at 2012-09-07 17:23:51 -0700
Served asset /tasks.js - 304 Not Modified (0ms)


Started GET "/assets/application.js?body=1" for 127.0.0.1 at 2012-09-07 17:23:51 -0700
Served asset /application.js - 304 Not Modified (0ms)


Started GET "/homes" for 127.0.0.1 at 2012-09-07 17:24:11 -0700
Processing by HomesController#index as HTML
  Rendered homes/index.html.erb within layouts/application (1.2ms)
Completed 200 OK in 10ms (Views: 10.1ms | ActiveRecord: 0.0ms)


Started GET "/assets/homes.css?body=1" for 127.0.0.1 at 2012-09-07 17:24:11 -0700
Served asset /homes.css - 304 Not Modified (0ms)


Started GET "/assets/scaffolds.css?body=1" for 127.0.0.1 at 2012-09-07 17:24:11 -0700
Served asset /scaffolds.css - 304 Not Modified (3ms)


Started GET "/assets/application.css?body=1" for 127.0.0.1 at 2012-09-07 17:24:11 -0700
Served asset /application.css - 304 Not Modified (0ms)


Started GET "/assets/tasks.css?body=1" for 127.0.0.1 at 2012-09-07 17:24:11 -0700
Served asset /tasks.css - 304 Not Modified (3ms)


Started GET "/assets/jquery_ujs.js?body=1" for 127.0.0.1 at 2012-09-07 17:24:11 -0700
Served asset /jquery_ujs.js - 304 Not Modified (0ms)


Started GET "/assets/jquery.js?body=1" for 127.0.0.1 at 2012-09-07 17:24:11 -0700
Served asset /jquery.js - 304 Not Modified (0ms)


Started GET "/assets/tasks.js?body=1" for 127.0.0.1 at 2012-09-07 17:24:11 -0700
Served asset /tasks.js - 304 Not Modified (1ms)


Started GET "/assets/application.js?body=1" for 127.0.0.1 at 2012-09-07 17:24:11 -0700
Served asset /application.js - 304 Not Modified (0ms)


Started GET "/assets/homes.js?body=1" for 127.0.0.1 at 2012-09-07 17:24:11 -0700
Served asset /homes.js - 304 Not Modified (0ms)


Started GET "/users/sign_in" for 127.0.0.1 at 2012-09-07 17:24:13 -0700
Processing by Devise::SessionsController#new as HTML
  Rendered /Users/cblair/.rvm/gems/ruby-1.9.3-p125/gems/devise-2.0.4/app/views/devise/_links.erb (0.5ms)
  Rendered /Users/cblair/.rvm/gems/ruby-1.9.3-p125/gems/devise-2.0.4/app/views/devise/sessions/new.html.erb within layouts/application (5.3ms)
Completed 200 OK in 15ms (Views: 13.9ms | ActiveRecord: 0.0ms)


Started GET "/assets/scaffolds.css?body=1" for 127.0.0.1 at 2012-09-07 17:24:13 -0700
Served asset /scaffolds.css - 304 Not Modified (0ms)


Started GET "/assets/homes.css?body=1" for 127.0.0.1 at 2012-09-07 17:24:13 -0700
Served asset /homes.css - 304 Not Modified (0ms)


Started GET "/assets/jquery_ujs.js?body=1" for 127.0.0.1 at 2012-09-07 17:24:13 -0700
Served asset /jquery_ujs.js - 304 Not Modified (0ms)


Started GET "/assets/application.css?body=1" for 127.0.0.1 at 2012-09-07 17:24:13 -0700
Served asset /application.css - 304 Not Modified (0ms)


Started GET "/assets/jquery.js?body=1" for 127.0.0.1 at 2012-09-07 17:24:13 -0700
Served asset /jquery.js - 304 Not Modified (0ms)


Started GET "/assets/tasks.css?body=1" for 127.0.0.1 at 2012-09-07 17:24:13 -0700
Served asset /tasks.css - 304 Not Modified (0ms)


Started GET "/assets/homes.js?body=1" for 127.0.0.1 at 2012-09-07 17:24:13 -0700
Served asset /homes.js - 304 Not Modified (0ms)


Started GET "/assets/tasks.js?body=1" for 127.0.0.1 at 2012-09-07 17:24:13 -0700
Served asset /tasks.js - 304 Not Modified (0ms)


Started GET "/assets/application.js?body=1" for 127.0.0.1 at 2012-09-07 17:24:13 -0700
Served asset /application.js - 304 Not Modified (0ms)


Started GET "/tasks" for 127.0.0.1 at 2012-09-07 17:26:20 -0700
Processing by TasksController#index as HTML
Completed 401 Unauthorized in 69ms


Started GET "/users/sign_in" for 127.0.0.1 at 2012-09-07 17:26:21 -0700
Processing by Devise::SessionsController#new as HTML
  Rendered /Users/cblair/.rvm/gems/ruby-1.9.3-p125/gems/devise-2.0.4/app/views/devise/_links.erb (0.7ms)
  Rendered /Users/cblair/.rvm/gems/ruby-1.9.3-p125/gems/devise-2.0.4/app/views/devise/sessions/new.html.erb within layouts/application (9.2ms)
Completed 200 OK in 42ms (Views: 19.8ms | ActiveRecord: 0.4ms)


Started GET "/assets/application.css?body=1" for 127.0.0.1 at 2012-09-07 17:26:21 -0700
Served asset /application.css - 304 Not Modified (4ms)


Started GET "/assets/jquery_ujs.js?body=1" for 127.0.0.1 at 2012-09-07 17:26:21 -0700
Served asset /jquery_ujs.js - 304 Not Modified (0ms)


Started GET "/assets/tasks.css?body=1" for 127.0.0.1 at 2012-09-07 17:26:21 -0700
Served asset /tasks.css - 304 Not Modified (0ms)


Started GET "/assets/scaffolds.css?body=1" for 127.0.0.1 at 2012-09-07 17:26:21 -0700
Served asset /scaffolds.css - 304 Not Modified (0ms)


Started GET "/assets/jquery.js?body=1" for 127.0.0.1 at 2012-09-07 17:26:21 -0700
Served asset /jquery.js - 304 Not Modified (0ms)


Started GET "/assets/homes.css?body=1" for 127.0.0.1 at 2012-09-07 17:26:21 -0700
Served asset /homes.css - 304 Not Modified (0ms)


Started GET "/assets/homes.js?body=1" for 127.0.0.1 at 2012-09-07 17:26:21 -0700
Served asset /homes.js - 304 Not Modified (0ms)


Started GET "/assets/tasks.js?body=1" for 127.0.0.1 at 2012-09-07 17:26:21 -0700
Served asset /tasks.js - 304 Not Modified (0ms)


Started GET "/assets/application.js?body=1" for 127.0.0.1 at 2012-09-07 17:26:21 -0700
Served asset /application.js - 304 Not Modified (0ms)


Started GET "/users/sign_up" for 127.0.0.1 at 2012-09-07 17:26:30 -0700
Processing by Devise::RegistrationsController#new as HTML
  Rendered /Users/cblair/.rvm/gems/ruby-1.9.3-p125/gems/devise-2.0.4/app/views/devise/_links.erb (0.6ms)
  Rendered /Users/cblair/.rvm/gems/ruby-1.9.3-p125/gems/devise-2.0.4/app/views/devise/registrations/new.html.erb within layouts/application (6.8ms)
Completed 200 OK in 18ms (Views: 17.2ms | ActiveRecord: 0.0ms)


Started GET "/assets/homes.css?body=1" for 127.0.0.1 at 2012-09-07 17:26:30 -0700
Served asset /homes.css - 304 Not Modified (0ms)


Started GET "/assets/application.css?body=1" for 127.0.0.1 at 2012-09-07 17:26:30 -0700
Served asset /application.css - 304 Not Modified (0ms)


Started GET "/assets/jquery_ujs.js?body=1" for 127.0.0.1 at 2012-09-07 17:26:30 -0700
Served asset /jquery_ujs.js - 304 Not Modified (0ms)


Started GET "/assets/scaffolds.css?body=1" for 127.0.0.1 at 2012-09-07 17:26:30 -0700
Served asset /scaffolds.css - 304 Not Modified (2ms)


Started GET "/assets/jquery.js?body=1" for 127.0.0.1 at 2012-09-07 17:26:30 -0700
Served asset /jquery.js - 304 Not Modified (0ms)


Started GET "/assets/tasks.css?body=1" for 127.0.0.1 at 2012-09-07 17:26:30 -0700
Served asset /tasks.css - 304 Not Modified (0ms)


Started GET "/assets/homes.js?body=1" for 127.0.0.1 at 2012-09-07 17:26:30 -0700
Served asset /homes.js - 304 Not Modified (0ms)


Started GET "/assets/tasks.js?body=1" for 127.0.0.1 at 2012-09-07 17:26:30 -0700
Served asset /tasks.js - 304 Not Modified (0ms)


Started GET "/assets/application.js?body=1" for 127.0.0.1 at 2012-09-07 17:26:30 -0700
Served asset /application.js - 304 Not Modified (0ms)


Started POST "/users" for 127.0.0.1 at 2012-09-07 17:26:51 -0700
Processing by Devise::RegistrationsController#create as HTML
  Parameters: {"utf8"=>"✓", "authenticity_token"=>"0cf0pOoZi87dX4xiK6ZrsX1H6+Rmz+r7ocGrN8g50lk=", "user"=>{"email"=>"cblair@vandals.uidaho.edu", "password"=>"[FILTERED]", "password_confirmation"=>"[FILTERED]"}, "commit"=>"Sign up"}
  [1m[36m (0.1ms)[0m  [1mbegin transaction[0m
  [1m[35mUser Exists (0.7ms)[0m  SELECT 1 FROM "users" WHERE "users"."email" = 'cblair@vandals.uidaho.edu' LIMIT 1
Binary data inserted for `string` type on column `encrypted_password`
  [1m[36mSQL (6.3ms)[0m  [1mINSERT INTO "users" ("created_at", "current_sign_in_at", "current_sign_in_ip", "email", "encrypted_password", "last_sign_in_at", "last_sign_in_ip", "remember_created_at", "reset_password_sent_at", "reset_password_token", "sign_in_count", "updated_at") VALUES (?, ?, ?, ?, ?, ?, ?, ?, ?, ?, ?, ?)[0m  [["created_at", Sat, 08 Sep 2012 00:26:51 UTC +00:00], ["current_sign_in_at", nil], ["current_sign_in_ip", nil], ["email", "cblair@vandals.uidaho.edu"], ["encrypted_password", "$2a$10$PEBIFvbNHfaAzmV9sAkgWuSJ2bKULCVsxTt2FTzyla3nPrcNeBt2m"], ["last_sign_in_at", nil], ["last_sign_in_ip", nil], ["remember_created_at", nil], ["reset_password_sent_at", nil], ["reset_password_token", nil], ["sign_in_count", 0], ["updated_at", Sat, 08 Sep 2012 00:26:51 UTC +00:00]]
  [1m[35m (1.3ms)[0m  commit transaction
  [1m[36m (0.1ms)[0m  [1mbegin transaction[0m
  [1m[35m (0.4ms)[0m  UPDATE "users" SET "last_sign_in_at" = '2012-09-08 00:26:51.654068', "current_sign_in_at" = '2012-09-08 00:26:51.654068', "last_sign_in_ip" = '127.0.0.1', "current_sign_in_ip" = '127.0.0.1', "sign_in_count" = 1, "updated_at" = '2012-09-08 00:26:51.655010' WHERE "users"."id" = 1
  [1m[36m (0.8ms)[0m  [1mcommit transaction[0m
Redirected to http://localhost:3000/tasks
Completed 302 Found in 161ms (ActiveRecord: 0.0ms)


Started GET "/tasks" for 127.0.0.1 at 2012-09-07 17:26:51 -0700
Processing by TasksController#index as HTML
  [1m[35mUser Load (0.3ms)[0m  SELECT "users".* FROM "users" WHERE "users"."id" = 1 LIMIT 1
  [1m[36mTask Load (0.7ms)[0m  [1mSELECT "tasks".* FROM "tasks" [0m
  Rendered tasks/index.html.erb within layouts/application (5.0ms)
Completed 200 OK in 40ms (Views: 13.8ms | ActiveRecord: 1.0ms)


Started GET "/assets/application.css?body=1" for 127.0.0.1 at 2012-09-07 17:26:51 -0700
Served asset /application.css - 304 Not Modified (37ms)


Started GET "/assets/tasks.css?body=1" for 127.0.0.1 at 2012-09-07 17:26:51 -0700
Served asset /tasks.css - 304 Not Modified (0ms)


Started GET "/assets/jquery_ujs.js?body=1" for 127.0.0.1 at 2012-09-07 17:26:51 -0700
Served asset /jquery_ujs.js - 304 Not Modified (0ms)


Started GET "/assets/scaffolds.css?body=1" for 127.0.0.1 at 2012-09-07 17:26:51 -0700
Served asset /scaffolds.css - 304 Not Modified (0ms)


Started GET "/assets/jquery.js?body=1" for 127.0.0.1 at 2012-09-07 17:26:51 -0700
Served asset /jquery.js - 304 Not Modified (0ms)


Started GET "/assets/homes.js?body=1" for 127.0.0.1 at 2012-09-07 17:26:51 -0700
Served asset /homes.js - 304 Not Modified (0ms)


Started GET "/assets/homes.css?body=1" for 127.0.0.1 at 2012-09-07 17:26:51 -0700
Served asset /homes.css - 304 Not Modified (0ms)


Started GET "/assets/tasks.js?body=1" for 127.0.0.1 at 2012-09-07 17:26:51 -0700
Served asset /tasks.js - 304 Not Modified (0ms)


Started GET "/assets/application.js?body=1" for 127.0.0.1 at 2012-09-07 17:26:51 -0700
Served asset /application.js - 304 Not Modified (0ms)


Started GET "/tasks/new" for 127.0.0.1 at 2012-09-07 17:41:01 -0700
Processing by TasksController#new as HTML
  [1m[36mUser Load (0.7ms)[0m  [1mSELECT "users".* FROM "users" WHERE "users"."id" = 1 LIMIT 1[0m
  Rendered tasks/_form.html.erb (79.6ms)
  Rendered tasks/new.html.erb within layouts/application (88.6ms)
Completed 200 OK in 265ms (Views: 161.5ms | ActiveRecord: 1.1ms)


Started GET "/assets/application.css?body=1" for 127.0.0.1 at 2012-09-07 17:41:01 -0700
Served asset /application.css - 304 Not Modified (19ms)


Started GET "/assets/homes.css?body=1" for 127.0.0.1 at 2012-09-07 17:41:01 -0700
Served asset /homes.css - 304 Not Modified (2ms)


Started GET "/assets/jquery_ujs.js?body=1" for 127.0.0.1 at 2012-09-07 17:41:01 -0700
Served asset /jquery_ujs.js - 304 Not Modified (2ms)


Started GET "/assets/jquery.js?body=1" for 127.0.0.1 at 2012-09-07 17:41:01 -0700
Served asset /jquery.js - 304 Not Modified (5ms)


Started GET "/assets/tasks.css?body=1" for 127.0.0.1 at 2012-09-07 17:41:01 -0700
Served asset /tasks.css - 304 Not Modified (2ms)


Started GET "/assets/scaffolds.css?body=1" for 127.0.0.1 at 2012-09-07 17:41:01 -0700
Served asset /scaffolds.css - 304 Not Modified (2ms)


Started GET "/assets/homes.js?body=1" for 127.0.0.1 at 2012-09-07 17:41:01 -0700
Served asset /homes.js - 304 Not Modified (26ms)


Started GET "/assets/application.js?body=1" for 127.0.0.1 at 2012-09-07 17:41:01 -0700
Served asset /application.js - 304 Not Modified (9ms)


Started GET "/assets/tasks.js?body=1" for 127.0.0.1 at 2012-09-07 17:41:02 -0700
Served asset /tasks.js - 304 Not Modified (1ms)


Started GET "/tasks" for 127.0.0.1 at 2012-09-07 17:41:04 -0700
Processing by TasksController#index as HTML
  [1m[35mUser Load (0.2ms)[0m  SELECT "users".* FROM "users" WHERE "users"."id" = 1 LIMIT 1
  [1m[36mTask Load (0.6ms)[0m  [1mSELECT "tasks".* FROM "tasks" [0m
  Rendered tasks/index.html.erb within layouts/application (3.4ms)
Completed 200 OK in 15ms (Views: 12.0ms | ActiveRecord: 0.9ms)


Started GET "/assets/application.css?body=1" for 127.0.0.1 at 2012-09-07 17:41:04 -0700
Served asset /application.css - 304 Not Modified (5ms)


Started GET "/assets/homes.css?body=1" for 127.0.0.1 at 2012-09-07 17:41:04 -0700
Served asset /homes.css - 304 Not Modified (0ms)


Started GET "/assets/jquery_ujs.js?body=1" for 127.0.0.1 at 2012-09-07 17:41:04 -0700
Served asset /jquery_ujs.js - 304 Not Modified (0ms)


Started GET "/assets/tasks.css?body=1" for 127.0.0.1 at 2012-09-07 17:41:04 -0700
Served asset /tasks.css - 304 Not Modified (0ms)


Started GET "/assets/scaffolds.css?body=1" for 127.0.0.1 at 2012-09-07 17:41:04 -0700
Served asset /scaffolds.css - 304 Not Modified (0ms)


Started GET "/assets/jquery.js?body=1" for 127.0.0.1 at 2012-09-07 17:41:04 -0700
Served asset /jquery.js - 304 Not Modified (0ms)


Started GET "/assets/tasks.js?body=1" for 127.0.0.1 at 2012-09-07 17:41:04 -0700
Served asset /tasks.js - 304 Not Modified (0ms)


Started GET "/assets/homes.js?body=1" for 127.0.0.1 at 2012-09-07 17:41:04 -0700
Served asset /homes.js - 304 Not Modified (0ms)


Started GET "/assets/application.js?body=1" for 127.0.0.1 at 2012-09-07 17:41:04 -0700
Served asset /application.js - 304 Not Modified (0ms)


Started GET "/" for 127.0.0.1 at 2012-09-07 17:41:10 -0700
Processing by HomesController#index as HTML
  Rendered homes/index.html.erb within layouts/application (1.0ms)
Completed 200 OK in 12ms (Views: 11.3ms | ActiveRecord: 0.0ms)


Started GET "/assets/tasks.css?body=1" for 127.0.0.1 at 2012-09-07 17:41:10 -0700
Served asset /tasks.css - 304 Not Modified (0ms)


Started GET "/assets/scaffolds.css?body=1" for 127.0.0.1 at 2012-09-07 17:41:10 -0700
Served asset /scaffolds.css - 304 Not Modified (0ms)


Started GET "/assets/jquery.js?body=1" for 127.0.0.1 at 2012-09-07 17:41:10 -0700
Served asset /jquery.js - 304 Not Modified (0ms)


Started GET "/assets/homes.css?body=1" for 127.0.0.1 at 2012-09-07 17:41:10 -0700
Served asset /homes.css - 304 Not Modified (0ms)


Started GET "/assets/application.css?body=1" for 127.0.0.1 at 2012-09-07 17:41:10 -0700
Served asset /application.css - 304 Not Modified (2ms)


Started GET "/assets/jquery_ujs.js?body=1" for 127.0.0.1 at 2012-09-07 17:41:10 -0700
Served asset /jquery_ujs.js - 304 Not Modified (0ms)


Started GET "/assets/homes.js?body=1" for 127.0.0.1 at 2012-09-07 17:41:10 -0700
Served asset /homes.js - 304 Not Modified (0ms)


Started GET "/assets/tasks.js?body=1" for 127.0.0.1 at 2012-09-07 17:41:10 -0700
Served asset /tasks.js - 304 Not Modified (5ms)


Started GET "/assets/application.js?body=1" for 127.0.0.1 at 2012-09-07 17:41:10 -0700
Served asset /application.js - 304 Not Modified (0ms)


Started GET "/users/sign_in" for 127.0.0.1 at 2012-09-07 17:41:11 -0700
Processing by Devise::SessionsController#new as HTML
  [1m[35mUser Load (0.2ms)[0m  SELECT "users".* FROM "users" WHERE "users"."id" = 1 LIMIT 1
Redirected to http://localhost:3000/
Filter chain halted as :require_no_authentication rendered or redirected
Completed 302 Found in 3ms (ActiveRecord: 0.2ms)


Started GET "/" for 127.0.0.1 at 2012-09-07 17:41:11 -0700
Processing by HomesController#index as HTML
  Rendered homes/index.html.erb within layouts/application (0.4ms)
Completed 200 OK in 8ms (Views: 7.9ms | ActiveRecord: 0.0ms)


Started GET "/assets/application.css?body=1" for 127.0.0.1 at 2012-09-07 17:41:11 -0700
Served asset /application.css - 304 Not Modified (0ms)


Started GET "/assets/homes.js?body=1" for 127.0.0.1 at 2012-09-07 17:41:11 -0700
Served asset /homes.js - 304 Not Modified (0ms)


Started GET "/assets/homes.css?body=1" for 127.0.0.1 at 2012-09-07 17:41:11 -0700
Served asset /homes.css - 304 Not Modified (0ms)


Started GET "/assets/tasks.css?body=1" for 127.0.0.1 at 2012-09-07 17:41:11 -0700
Served asset /tasks.css - 304 Not Modified (0ms)


Started GET "/assets/scaffolds.css?body=1" for 127.0.0.1 at 2012-09-07 17:41:11 -0700
Served asset /scaffolds.css - 304 Not Modified (0ms)


Started GET "/assets/jquery_ujs.js?body=1" for 127.0.0.1 at 2012-09-07 17:41:11 -0700
Served asset /jquery_ujs.js - 304 Not Modified (0ms)


Started GET "/assets/application.js?body=1" for 127.0.0.1 at 2012-09-07 17:41:11 -0700
Served asset /application.js - 304 Not Modified (0ms)


Started GET "/assets/tasks.js?body=1" for 127.0.0.1 at 2012-09-07 17:41:11 -0700
Served asset /tasks.js - 304 Not Modified (0ms)


Started GET "/assets/jquery.js?body=1" for 127.0.0.1 at 2012-09-07 17:41:11 -0700
Served asset /jquery.js - 304 Not Modified (0ms)


Started GET "/tasks" for 127.0.0.1 at 2012-09-07 17:41:17 -0700
Processing by TasksController#index as HTML
  [1m[36mUser Load (0.2ms)[0m  [1mSELECT "users".* FROM "users" WHERE "users"."id" = 1 LIMIT 1[0m
  [1m[35mTask Load (0.1ms)[0m  SELECT "tasks".* FROM "tasks" 
  Rendered tasks/index.html.erb within layouts/application (1.9ms)
Completed 200 OK in 11ms (Views: 9.1ms | ActiveRecord: 0.3ms)


Started GET "/assets/homes.css?body=1" for 127.0.0.1 at 2012-09-07 17:41:17 -0700
Served asset /homes.css - 304 Not Modified (0ms)


Started GET "/assets/tasks.css?body=1" for 127.0.0.1 at 2012-09-07 17:41:17 -0700
Served asset /tasks.css - 304 Not Modified (0ms)


Started GET "/assets/jquery.js?body=1" for 127.0.0.1 at 2012-09-07 17:41:17 -0700
Served asset /jquery.js - 304 Not Modified (0ms)


Started GET "/assets/scaffolds.css?body=1" for 127.0.0.1 at 2012-09-07 17:41:17 -0700
Served asset /scaffolds.css - 304 Not Modified (0ms)


Started GET "/assets/jquery_ujs.js?body=1" for 127.0.0.1 at 2012-09-07 17:41:17 -0700
Served asset /jquery_ujs.js - 304 Not Modified (0ms)


Started GET "/assets/application.css?body=1" for 127.0.0.1 at 2012-09-07 17:41:17 -0700
Served asset /application.css - 304 Not Modified (0ms)


Started GET "/assets/homes.js?body=1" for 127.0.0.1 at 2012-09-07 17:41:17 -0700
Served asset /homes.js - 304 Not Modified (0ms)


Started GET "/assets/application.js?body=1" for 127.0.0.1 at 2012-09-07 17:41:17 -0700
Served asset /application.js - 304 Not Modified (0ms)


Started GET "/assets/tasks.js?body=1" for 127.0.0.1 at 2012-09-07 17:41:17 -0700
Served asset /tasks.js - 304 Not Modified (0ms)
